[ 2016-06-19T16:20:49+08:00 ] 127.0.0.1 /
INFO: [ app_init ] --START--
INFO: Run Behavior\BuildLiteBehavior [ RunTime:0.000037s ]
INFO: [ app_init ] --END-- [ RunTime:0.056689s ]
INFO: [ app_begin ] --START--
INFO: Run Behavior\ReadHtmlCacheBehavior [ RunTime:0.018669s ]
INFO: [ app_begin ] --END-- [ RunTime:0.018860s ]
SQL: SHOW COLUMNS FROM `goods` [ RunTime:0.102943s ]
SQL: SHOW COLUMNS FROM `intro` [ RunTime:0.056939s ]
SQL: SELECT * FROM `goods`  [ RunTime:0.000383s ]
SQL: SELECT * FROM `intro`  [ RunTime:0.000352s ]
INFO: [ view_parse ] --START--
INFO: [ template_filter ] --START--
INFO: Run Behavior\ContentReplaceBehavior [ RunTime:0.000104s ]
INFO: [ template_filter ] --END-- [ RunTime:0.000228s ]
INFO: Run Behavior\ParseTemplateBehavior [ RunTime:0.256437s ]
INFO: [ view_parse ] --END-- [ RunTime:0.256609s ]
INFO: [ view_filter ] --START--
INFO: Run Behavior\WriteHtmlCacheBehavior [ RunTime:0.018841s ]
INFO: [ view_filter ] --END-- [ RunTime:0.018979s ]
INFO: [ app_end ] --START--
INFO: Run Behavior\ShowPageTraceBehavior [ RunTime:0.014855s ]
INFO: [ app_end ] --END-- [ RunTime:0.014986s ]

[ 2016-06-19T16:20:53+08:00 ] 127.0.0.1 /index.php/Home/Product/product.html
INFO: [ app_init ] --START--
INFO: Run Behavior\BuildLiteBehavior [ RunTime:0.000030s ]
INFO: [ app_init ] --END-- [ RunTime:0.000557s ]
INFO: [ app_begin ] --START--
INFO: Run Behavior\ReadHtmlCacheBehavior [ RunTime:0.000763s ]
INFO: [ app_begin ] --END-- [ RunTime:0.000899s ]
SQL: SHOW COLUMNS FROM `goods` [ RunTime:0.029618s ]
SQL: SELECT a.id,a.logo,a.goods_td,a.goods_name,a.goods_msc,a.goods_desc,b.pic FROM goods a LEFT JOIN goods_pic b ON a.id=b.goods_id   [ RunTime:0.067488s ]
SQL: SELECT COUNT(*) AS tp_count FROM `goods` LIMIT 1   [ RunTime:0.000451s ]
SQL: SHOW COLUMNS FROM `goods_ms` [ RunTime:0.301712s ]
SQL: SELECT `cs`,`goods_asc` FROM `goods_ms`  [ RunTime:0.000284s ]
SQL: SHOW COLUMNS FROM `intro` [ RunTime:0.100908s ]
SQL: SELECT * FROM `intro`  [ RunTime:0.000448s ]
INFO: [ view_parse ] --START--
INFO: [ template_filter ] --START--
INFO: Run Behavior\ContentReplaceBehavior [ RunTime:0.000145s ]
INFO: [ template_filter ] --END-- [ RunTime:0.000273s ]
INFO: Run Behavior\ParseTemplateBehavior [ RunTime:0.070323s ]
INFO: [ view_parse ] --END-- [ RunTime:0.070531s ]
INFO: [ view_filter ] --START--
INFO: Run Behavior\WriteHtmlCacheBehavior [ RunTime:0.000679s ]
INFO: [ view_filter ] --END-- [ RunTime:0.000810s ]
INFO: [ app_end ] --START--
INFO: Run Behavior\ShowPageTraceBehavior [ RunTime:0.001287s ]
INFO: [ app_end ] --END-- [ RunTime:0.001501s ]

[ 2016-06-19T16:21:05+08:00 ] 127.0.0.1 /index.php/Home/News/news.html
INFO: [ app_init ] --START--
INFO: Run Behavior\BuildLiteBehavior [ RunTime:0.000028s ]
INFO: [ app_init ] --END-- [ RunTime:0.000524s ]
INFO: [ app_begin ] --START--
INFO: Run Behavior\ReadHtmlCacheBehavior [ RunTime:0.000916s ]
INFO: [ app_begin ] --END-- [ RunTime:0.001117s ]
SQL: SHOW COLUMNS FROM `news` [ RunTime:0.056025s ]
SQL: SELECT COUNT(*) AS tp_count FROM `news` LIMIT 1   [ RunTime:0.000319s ]
SQL: SELECT * FROM `news` LIMIT 0,4   [ RunTime:0.057658s ]
INFO: [ view_parse ] --START--
INFO: [ template_filter ] --START--
INFO: Run Behavior\ContentReplaceBehavior [ RunTime:0.000187s ]
INFO: [ template_filter ] --END-- [ RunTime:0.000444s ]
INFO: Run Behavior\ParseTemplateBehavior [ RunTime:0.048628s ]
INFO: [ view_parse ] --END-- [ RunTime:0.048764s ]
INFO: [ view_filter ] --START--
INFO: Run Behavior\WriteHtmlCacheBehavior [ RunTime:0.000395s ]
INFO: [ view_filter ] --END-- [ RunTime:0.000504s ]
INFO: [ app_end ] --START--
INFO: Run Behavior\ShowPageTraceBehavior [ RunTime:0.001216s ]
INFO: [ app_end ] --END-- [ RunTime:0.001458s ]

[ 2016-06-19T16:21:08+08:00 ] 127.0.0.1 /index.php/Home/News/newsview/id/1.html
INFO: [ app_init ] --START--
INFO: Run Behavior\BuildLiteBehavior [ RunTime:0.000028s ]
INFO: [ app_init ] --END-- [ RunTime:0.000569s ]
INFO: [ app_begin ] --START--
INFO: Run Behavior\ReadHtmlCacheBehavior [ RunTime:0.001059s ]
INFO: [ app_begin ] --END-- [ RunTime:0.001259s ]
SQL: SHOW COLUMNS FROM `news` [ RunTime:0.013070s ]
SQL: SELECT * FROM `news` WHERE `id` = 1 LIMIT 1   [ RunTime:0.000324s ]
INFO: [ view_parse ] --START--
INFO: [ template_filter ] --START--
INFO: Run Behavior\ContentReplaceBehavior [ RunTime:0.000183s ]
INFO: [ template_filter ] --END-- [ RunTime:0.000412s ]
INFO: Run Behavior\ParseTemplateBehavior [ RunTime:0.045397s ]
INFO: [ view_parse ] --END-- [ RunTime:0.045528s ]
INFO: [ view_filter ] --START--
INFO: Run Behavior\WriteHtmlCacheBehavior [ RunTime:0.000573s ]
INFO: [ view_filter ] --END-- [ RunTime:0.000745s ]
INFO: [ app_end ] --START--
INFO: Run Behavior\ShowPageTraceBehavior [ RunTime:0.000850s ]
INFO: [ app_end ] --END-- [ RunTime:0.000977s ]

[ 2016-06-19T16:21:13+08:00 ] 127.0.0.1 /index.php/Home/News/news/p/2.html
INFO: [ app_init ] --START--
INFO: Run Behavior\BuildLiteBehavior [ RunTime:0.000027s ]
INFO: [ app_init ] --END-- [ RunTime:0.000517s ]
INFO: [ app_begin ] --START--
INFO: Run Behavior\ReadHtmlCacheBehavior [ RunTime:0.000656s ]
INFO: [ app_begin ] --END-- [ RunTime:0.000777s ]
SQL: SHOW COLUMNS FROM `news` [ RunTime:0.081118s ]
SQL: SELECT COUNT(*) AS tp_count FROM `news` LIMIT 1   [ RunTime:0.000266s ]
SQL: SELECT * FROM `news` LIMIT 4,4   [ RunTime:0.013690s ]
INFO: [ view_parse ] --START--
INFO: [ template_filter ] --START--
INFO: Run Behavior\ContentReplaceBehavior [ RunTime:0.000140s ]
INFO: [ template_filter ] --END-- [ RunTime:0.000393s ]
INFO: Run Behavior\ParseTemplateBehavior [ RunTime:0.012571s ]
INFO: [ view_parse ] --END-- [ RunTime:0.012753s ]
INFO: [ view_filter ] --START--
INFO: Run Behavior\WriteHtmlCacheBehavior [ RunTime:0.000754s ]
INFO: [ view_filter ] --END-- [ RunTime:0.000958s ]
INFO: [ app_end ] --START--
INFO: Run Behavior\ShowPageTraceBehavior [ RunTime:0.001340s ]
INFO: [ app_end ] --END-- [ RunTime:0.001606s ]

[ 2016-06-19T16:21:14+08:00 ] 127.0.0.1 /index.php/Home/News/news/p/3.html
INFO: [ app_init ] --START--
INFO: Run Behavior\BuildLiteBehavior [ RunTime:0.000028s ]
INFO: [ app_init ] --END-- [ RunTime:0.000538s ]
INFO: [ app_begin ] --START--
INFO: Run Behavior\ReadHtmlCacheBehavior [ RunTime:0.000709s ]
INFO: [ app_begin ] --END-- [ RunTime:0.000837s ]
SQL: SHOW COLUMNS FROM `news` [ RunTime:0.055771s ]
SQL: SELECT COUNT(*) AS tp_count FROM `news` LIMIT 1   [ RunTime:0.000227s ]
SQL: SELECT * FROM `news` LIMIT 8,4   [ RunTime:0.000366s ]
INFO: [ view_parse ] --START--
INFO: [ template_filter ] --START--
INFO: Run Behavior\ContentReplaceBehavior [ RunTime:0.000109s ]
INFO: [ template_filter ] --END-- [ RunTime:0.000245s ]
INFO: Run Behavior\ParseTemplateBehavior [ RunTime:0.009361s ]
INFO: [ view_parse ] --END-- [ RunTime:0.009544s ]
INFO: [ view_filter ] --START--
INFO: Run Behavior\WriteHtmlCacheBehavior [ RunTime:0.000869s ]
INFO: [ view_filter ] --END-- [ RunTime:0.001118s ]
INFO: [ app_end ] --START--
INFO: Run Behavior\ShowPageTraceBehavior [ RunTime:0.001285s ]
INFO: [ app_end ] --END-- [ RunTime:0.001517s ]

[ 2016-06-19T16:21:15+08:00 ] 127.0.0.1 /index.php/Home/News/news/p/2.html
INFO: [ app_init ] --START--
INFO: Run Behavior\BuildLiteBehavior [ RunTime:0.000046s ]
INFO: [ app_init ] --END-- [ RunTime:0.000914s ]
INFO: [ app_begin ] --START--
INFO: Run Behavior\ReadHtmlCacheBehavior [ RunTime:0.000714s ]
INFO: [ app_begin ] --END-- [ RunTime:0.000840s ]
SQL: SHOW COLUMNS FROM `news` [ RunTime:0.015128s ]
SQL: SELECT COUNT(*) AS tp_count FROM `news` LIMIT 1   [ RunTime:0.000411s ]
SQL: SELECT * FROM `news` LIMIT 4,4   [ RunTime:0.000454s ]
INFO: [ view_parse ] --START--
INFO: [ template_filter ] --START--
INFO: Run Behavior\ContentReplaceBehavior [ RunTime:0.000112s ]
INFO: [ template_filter ] --END-- [ RunTime:0.000239s ]
INFO: Run Behavior\ParseTemplateBehavior [ RunTime:0.010445s ]
INFO: [ view_parse ] --END-- [ RunTime:0.010651s ]
INFO: [ view_filter ] --START--
INFO: Run Behavior\WriteHtmlCacheBehavior [ RunTime:0.000726s ]
INFO: [ view_filter ] --END-- [ RunTime:0.000998s ]
INFO: [ app_end ] --START--
INFO: Run Behavior\ShowPageTraceBehavior [ RunTime:0.001269s ]
INFO: [ app_end ] --END-- [ RunTime:0.001533s ]

[ 2016-06-19T16:21:18+08:00 ] 127.0.0.1 /index.php/Home/Employ/careers.html
INFO: [ app_init ] --START--
INFO: Run Behavior\BuildLiteBehavior [ RunTime:0.000028s ]
INFO: [ app_init ] --END-- [ RunTime:0.000515s ]
INFO: [ app_begin ] --START--
INFO: Run Behavior\ReadHtmlCacheBehavior [ RunTime:0.000659s ]
INFO: [ app_begin ] --END-- [ RunTime:0.000792s ]
SQL: SHOW COLUMNS FROM `employ` [ RunTime:0.054577s ]
SQL: SELECT COUNT(*) AS tp_count FROM `employ` LIMIT 1   [ RunTime:0.000294s ]
SQL: SELECT * FROM `employ` LIMIT 0,1   [ RunTime:0.000330s ]
INFO: [ view_parse ] --START--
INFO: [ template_filter ] --START--
INFO: Run Behavior\ContentReplaceBehavior [ RunTime:0.000192s ]
INFO: [ template_filter ] --END-- [ RunTime:0.000415s ]
INFO: Run Behavior\ParseTemplateBehavior [ RunTime:0.048513s ]
INFO: [ view_parse ] --END-- [ RunTime:0.048652s ]
INFO: [ view_filter ] --START--
INFO: Run Behavior\WriteHtmlCacheBehavior [ RunTime:0.000426s ]
INFO: [ view_filter ] --END-- [ RunTime:0.000540s ]
INFO: [ app_end ] --START--
INFO: Run Behavior\ShowPageTraceBehavior [ RunTime:0.000997s ]
INFO: [ app_end ] --END-- [ RunTime:0.001170s ]

[ 2016-06-19T16:21:20+08:00 ] 127.0.0.1 /index.php/Home/Employ/careers/p/2.html
INFO: [ app_init ] --START--
INFO: Run Behavior\BuildLiteBehavior [ RunTime:0.000032s ]
INFO: [ app_init ] --END-- [ RunTime:0.000549s ]
INFO: [ app_begin ] --START--
INFO: Run Behavior\ReadHtmlCacheBehavior [ RunTime:0.000806s ]
INFO: [ app_begin ] --END-- [ RunTime:0.001001s ]
SQL: SHOW COLUMNS FROM `employ` [ RunTime:0.012912s ]
SQL: SELECT COUNT(*) AS tp_count FROM `employ` LIMIT 1   [ RunTime:0.000261s ]
SQL: SELECT * FROM `employ` LIMIT 1,1   [ RunTime:0.000336s ]
INFO: [ view_parse ] --START--
INFO: [ template_filter ] --START--
INFO: Run Behavior\ContentReplaceBehavior [ RunTime:0.000112s ]
INFO: [ template_filter ] --END-- [ RunTime:0.000235s ]
INFO: Run Behavior\ParseTemplateBehavior [ RunTime:0.010533s ]
INFO: [ view_parse ] --END-- [ RunTime:0.010662s ]
INFO: [ view_filter ] --START--
INFO: Run Behavior\WriteHtmlCacheBehavior [ RunTime:0.000421s ]
INFO: [ view_filter ] --END-- [ RunTime:0.000534s ]
INFO: [ app_end ] --START--
INFO: Run Behavior\ShowPageTraceBehavior [ RunTime:0.000643s ]
INFO: [ app_end ] --END-- [ RunTime:0.000756s ]

[ 2016-06-19T16:21:22+08:00 ] 127.0.0.1 /index.php/Home/Employ/careers/p/1.html
INFO: [ app_init ] --START--
INFO: Run Behavior\BuildLiteBehavior [ RunTime:0.000031s ]
INFO: [ app_init ] --END-- [ RunTime:0.000592s ]
INFO: [ app_begin ] --START--
INFO: Run Behavior\ReadHtmlCacheBehavior [ RunTime:0.000695s ]
INFO: [ app_begin ] --END-- [ RunTime:0.000858s ]
SQL: SHOW COLUMNS FROM `employ` [ RunTime:0.073265s ]
SQL: SELECT COUNT(*) AS tp_count FROM `employ` LIMIT 1   [ RunTime:0.000902s ]
SQL: SELECT * FROM `employ` LIMIT 0,1   [ RunTime:0.000350s ]
INFO: [ view_parse ] --START--
INFO: [ template_filter ] --START--
INFO: Run Behavior\ContentReplaceBehavior [ RunTime:0.000112s ]
INFO: [ template_filter ] --END-- [ RunTime:0.000236s ]
INFO: Run Behavior\ParseTemplateBehavior [ RunTime:0.008874s ]
INFO: [ view_parse ] --END-- [ RunTime:0.009003s ]
INFO: [ view_filter ] --START--
INFO: Run Behavior\WriteHtmlCacheBehavior [ RunTime:0.000410s ]
INFO: [ view_filter ] --END-- [ RunTime:0.000522s ]
INFO: [ app_end ] --START--
INFO: Run Behavior\ShowPageTraceBehavior [ RunTime:0.000671s ]
INFO: [ app_end ] --END-- [ RunTime:0.000791s ]

[ 2016-06-19T16:21:25+08:00 ] 127.0.0.1 /index.php/Home/Employ/careers/p/2.html
INFO: [ app_init ] --START--
INFO: Run Behavior\BuildLiteBehavior [ RunTime:0.000028s ]
INFO: [ app_init ] --END-- [ RunTime:0.000515s ]
INFO: [ app_begin ] --START--
INFO: Run Behavior\ReadHtmlCacheBehavior [ RunTime:0.000688s ]
INFO: [ app_begin ] --END-- [ RunTime:0.000810s ]
SQL: SHOW COLUMNS FROM `employ` [ RunTime:0.018664s ]
SQL: SELECT COUNT(*) AS tp_count FROM `employ` LIMIT 1   [ RunTime:0.000351s ]
SQL: SELECT * FROM `employ` LIMIT 1,1   [ RunTime:0.000369s ]
INFO: [ view_parse ] --START--
INFO: [ template_filter ] --START--
INFO: Run Behavior\ContentReplaceBehavior [ RunTime:0.000201s ]
INFO: [ template_filter ] --END-- [ RunTime:0.000421s ]
INFO: Run Behavior\ParseTemplateBehavior [ RunTime:0.012813s ]
INFO: [ view_parse ] --END-- [ RunTime:0.012993s ]
INFO: [ view_filter ] --START--
INFO: Run Behavior\WriteHtmlCacheBehavior [ RunTime:0.000580s ]
INFO: [ view_filter ] --END-- [ RunTime:0.000751s ]
INFO: [ app_end ] --START--
INFO: Run Behavior\ShowPageTraceBehavior [ RunTime:0.000933s ]
INFO: [ app_end ] --END-- [ RunTime:0.001088s ]

[ 2016-06-19T16:21:27+08:00 ] 127.0.0.1 /index.php/Home/Contact/contact.html
INFO: [ app_init ] --START--
INFO: Run Behavior\BuildLiteBehavior [ RunTime:0.000031s ]
INFO: [ app_init ] --END-- [ RunTime:0.000528s ]
INFO: [ app_begin ] --START--
INFO: Run Behavior\ReadHtmlCacheBehavior [ RunTime:0.000685s ]
INFO: [ app_begin ] --END-- [ RunTime:0.000817s ]
SQL: SHOW COLUMNS FROM `contact` [ RunTime:0.078567s ]
SQL: SELECT * FROM `contact`  [ RunTime:0.000327s ]
SQL: SHOW COLUMNS FROM `about` [ RunTime:0.051879s ]
SQL: SELECT * FROM `about`  [ RunTime:0.000284s ]
SQL: SHOW COLUMNS FROM `intro` [ RunTime:0.008370s ]
SQL: SELECT * FROM `intro`  [ RunTime:0.000289s ]
INFO: [ view_parse ] --START--
INFO: [ template_filter ] --START--
INFO: Run Behavior\ContentReplaceBehavior [ RunTime:0.000198s ]
INFO: [ template_filter ] --END-- [ RunTime:0.000491s ]
INFO: Run Behavior\ParseTemplateBehavior [ RunTime:0.042771s ]
INFO: [ view_parse ] --END-- [ RunTime:0.042900s ]
INFO: [ view_filter ] --START--
INFO: Run Behavior\WriteHtmlCacheBehavior [ RunTime:0.000420s ]
INFO: [ view_filter ] --END-- [ RunTime:0.000530s ]
INFO: [ app_end ] --START--
INFO: Run Behavior\ShowPageTraceBehavior [ RunTime:0.000641s ]
INFO: [ app_end ] --END-- [ RunTime:0.000753s ]

[ 2016-06-19T16:21:32+08:00 ] 127.0.0.1 /index.php/Home/Employ/careers.html
INFO: [ app_init ] --START--
INFO: Run Behavior\BuildLiteBehavior [ RunTime:0.000041s ]
INFO: [ app_init ] --END-- [ RunTime:0.000741s ]
INFO: [ app_begin ] --START--
INFO: Run Behavior\ReadHtmlCacheBehavior [ RunTime:0.000953s ]
INFO: [ app_begin ] --END-- [ RunTime:0.001127s ]
SQL: SHOW COLUMNS FROM `employ` [ RunTime:0.012942s ]
SQL: SELECT COUNT(*) AS tp_count FROM `employ` LIMIT 1   [ RunTime:0.000318s ]
SQL: SELECT * FROM `employ` LIMIT 0,1   [ RunTime:0.000456s ]
INFO: [ view_parse ] --START--
INFO: [ template_filter ] --START--
INFO: Run Behavior\ContentReplaceBehavior [ RunTime:0.000113s ]
INFO: [ template_filter ] --END-- [ RunTime:0.000240s ]
INFO: Run Behavior\ParseTemplateBehavior [ RunTime:0.011606s ]
INFO: [ view_parse ] --END-- [ RunTime:0.011784s ]
INFO: [ view_filter ] --START--
INFO: Run Behavior\WriteHtmlCacheBehavior [ RunTime:0.000500s ]
INFO: [ view_filter ] --END-- [ RunTime:0.000612s ]
INFO: [ app_end ] --START--
INFO: Run Behavior\ShowPageTraceBehavior [ RunTime:0.000724s ]
INFO: [ app_end ] --END-- [ RunTime:0.000850s ]

[ 2016-06-19T16:27:20+08:00 ] 127.0.0.1 /index.php/Home/Employ/careers/p/2.html
INFO: [ app_init ] --START--
INFO: Run Behavior\BuildLiteBehavior [ RunTime:0.000034s ]
INFO: [ app_init ] --END-- [ RunTime:0.000891s ]
INFO: [ app_begin ] --START--
INFO: Run Behavior\ReadHtmlCacheBehavior [ RunTime:0.000857s ]
INFO: [ app_begin ] --END-- [ RunTime:0.001001s ]
SQL: SHOW COLUMNS FROM `employ` [ RunTime:0.016400s ]
SQL: SELECT COUNT(*) AS tp_count FROM `employ` LIMIT 1   [ RunTime:0.000341s ]
SQL: SELECT * FROM `employ` LIMIT 1,1   [ RunTime:0.002144s ]
INFO: [ view_parse ] --START--
INFO: [ template_filter ] --START--
INFO: Run Behavior\ContentReplaceBehavior [ RunTime:0.000175s ]
INFO: [ template_filter ] --END-- [ RunTime:0.000319s ]
INFO: Run Behavior\ParseTemplateBehavior [ RunTime:0.012644s ]
INFO: [ view_parse ] --END-- [ RunTime:0.013109s ]
INFO: [ view_filter ] --START--
INFO: Run Behavior\WriteHtmlCacheBehavior [ RunTime:0.001278s ]
INFO: [ view_filter ] --END-- [ RunTime:0.001515s ]
INFO: [ app_end ] --START--
INFO: Run Behavior\ShowPageTraceBehavior [ RunTime:0.001410s ]
INFO: [ app_end ] --END-- [ RunTime:0.001688s ]

[ 2016-06-19T16:27:22+08:00 ] 127.0.0.1 /index.php/Home/Employ/careers/p/1.html
INFO: [ app_init ] --START--
INFO: Run Behavior\BuildLiteBehavior [ RunTime:0.000029s ]
INFO: [ app_init ] --END-- [ RunTime:0.000717s ]
INFO: [ app_begin ] --START--
INFO: Run Behavior\ReadHtmlCacheBehavior [ RunTime:0.001056s ]
INFO: [ app_begin ] --END-- [ RunTime:0.001487s ]
SQL: SHOW COLUMNS FROM `employ` [ RunTime:0.014533s ]
SQL: SELECT COUNT(*) AS tp_count FROM `employ` LIMIT 1   [ RunTime:0.000260s ]
SQL: SELECT * FROM `employ` LIMIT 0,1   [ RunTime:0.002132s ]
INFO: [ view_parse ] --START--
INFO: [ template_filter ] --START--
INFO: Run Behavior\ContentReplaceBehavior [ RunTime:0.000114s ]
INFO: [ template_filter ] --END-- [ RunTime:0.000254s ]
INFO: Run Behavior\ParseTemplateBehavior [ RunTime:0.010442s ]
INFO: [ view_parse ] --END-- [ RunTime:0.010616s ]
INFO: [ view_filter ] --START--
INFO: Run Behavior\WriteHtmlCacheBehavior [ RunTime:0.000431s ]
INFO: [ view_filter ] --END-- [ RunTime:0.000543s ]
INFO: [ app_end ] --START--
INFO: Run Behavior\ShowPageTraceBehavior [ RunTime:0.000745s ]
INFO: [ app_end ] --END-- [ RunTime:0.000887s ]

[ 2016-06-19T16:27:24+08:00 ] 127.0.0.1 /index.php/Home/Employ/careers/p/2.html
INFO: [ app_init ] --START--
INFO: Run Behavior\BuildLiteBehavior [ RunTime:0.000031s ]
INFO: [ app_init ] --END-- [ RunTime:0.000564s ]
INFO: [ app_begin ] --START--
INFO: Run Behavior\ReadHtmlCacheBehavior [ RunTime:0.001080s ]
INFO: [ app_begin ] --END-- [ RunTime:0.001255s ]
SQL: SHOW COLUMNS FROM `employ` [ RunTime:0.191164s ]
SQL: SELECT COUNT(*) AS tp_count FROM `employ` LIMIT 1   [ RunTime:0.000253s ]
SQL: SELECT * FROM `employ` LIMIT 1,1   [ RunTime:0.000332s ]
INFO: [ view_parse ] --START--
INFO: [ template_filter ] --START--
INFO: Run Behavior\ContentReplaceBehavior [ RunTime:0.000125s ]
INFO: [ template_filter ] --END-- [ RunTime:0.000282s ]
INFO: Run Behavior\ParseTemplateBehavior [ RunTime:0.011228s ]
INFO: [ view_parse ] --END-- [ RunTime:0.011370s ]
INFO: [ view_filter ] --START--
INFO: Run Behavior\WriteHtmlCacheBehavior [ RunTime:0.000530s ]
INFO: [ view_filter ] --END-- [ RunTime:0.000673s ]
INFO: [ app_end ] --START--
INFO: Run Behavior\ShowPageTraceBehavior [ RunTime:0.000704s ]
INFO: [ app_end ] --END-- [ RunTime:0.000817s ]

[ 2016-06-19T16:27:26+08:00 ] 127.0.0.1 /index.php/Home/Employ/careers/p/1.html
INFO: [ app_init ] --START--
INFO: Run Behavior\BuildLiteBehavior [ RunTime:0.000028s ]
INFO: [ app_init ] --END-- [ RunTime:0.000651s ]
INFO: [ app_begin ] --START--
INFO: Run Behavior\ReadHtmlCacheBehavior [ RunTime:0.000820s ]
INFO: [ app_begin ] --END-- [ RunTime:0.000987s ]
SQL: SHOW COLUMNS FROM `employ` [ RunTime:0.015296s ]
SQL: SELECT COUNT(*) AS tp_count FROM `employ` LIMIT 1   [ RunTime:0.000337s ]
SQL: SELECT * FROM `employ` LIMIT 0,1   [ RunTime:0.000446s ]
INFO: [ view_parse ] --START--
INFO: [ template_filter ] --START--
INFO: Run Behavior\ContentReplaceBehavior [ RunTime:0.000165s ]
INFO: [ template_filter ] --END-- [ RunTime:0.000350s ]
INFO: Run Behavior\ParseTemplateBehavior [ RunTime:0.012468s ]
INFO: [ view_parse ] --END-- [ RunTime:0.012619s ]
INFO: [ view_filter ] --START--
INFO: Run Behavior\WriteHtmlCacheBehavior [ RunTime:0.000544s ]
INFO: [ view_filter ] --END-- [ RunTime:0.000677s ]
INFO: [ app_end ] --START--
INFO: Run Behavior\ShowPageTraceBehavior [ RunTime:0.000683s ]
INFO: [ app_end ] --END-- [ RunTime:0.000799s ]

[ 2016-06-19T16:27:28+08:00 ] 127.0.0.1 /index.php/Home/Contact/contact.html
INFO: [ app_init ] --START--
INFO: Run Behavior\BuildLiteBehavior [ RunTime:0.000031s ]
INFO: [ app_init ] --END-- [ RunTime:0.000552s ]
INFO: [ app_begin ] --START--
INFO: Run Behavior\ReadHtmlCacheBehavior [ RunTime:0.000841s ]
INFO: [ app_begin ] --END-- [ RunTime:0.000972s ]
SQL: SHOW COLUMNS FROM `contact` [ RunTime:0.015348s ]
SQL: SELECT * FROM `contact`  [ RunTime:0.000366s ]
SQL: SHOW COLUMNS FROM `about` [ RunTime:0.013373s ]
SQL: SELECT * FROM `about`  [ RunTime:0.000427s ]
SQL: SHOW COLUMNS FROM `intro` [ RunTime:0.012037s ]
SQL: SELECT * FROM `intro`  [ RunTime:0.000286s ]
INFO: [ view_parse ] --START--
INFO: [ template_filter ] --START--
INFO: Run Behavior\ContentReplaceBehavior [ RunTime:0.000151s ]
INFO: [ template_filter ] --END-- [ RunTime:0.000309s ]
INFO: Run Behavior\ParseTemplateBehavior [ RunTime:0.011818s ]
INFO: [ view_parse ] --END-- [ RunTime:0.012093s ]
INFO: [ view_filter ] --START--
INFO: Run Behavior\WriteHtmlCacheBehavior [ RunTime:0.000527s ]
INFO: [ view_filter ] --END-- [ RunTime:0.000932s ]
INFO: [ app_end ] --START--
INFO: Run Behavior\ShowPageTraceBehavior [ RunTime:0.000697s ]
INFO: [ app_end ] --END-- [ RunTime:0.000814s ]

[ 2016-06-19T20:00:56+08:00 ] 127.0.0.1 /
INFO: [ app_init ] --START--
INFO: Run Behavior\BuildLiteBehavior [ RunTime:0.000041s ]
INFO: [ app_init ] --END-- [ RunTime:0.000797s ]
INFO: [ app_begin ] --START--
INFO: Run Behavior\ReadHtmlCacheBehavior [ RunTime:0.001531s ]
INFO: [ app_begin ] --END-- [ RunTime:0.001790s ]
SQL: SHOW COLUMNS FROM `goods` [ RunTime:0.028291s ]
SQL: SHOW COLUMNS FROM `intro` [ RunTime:0.012898s ]
SQL: SELECT * FROM `goods`  [ RunTime:0.000706s ]
SQL: SELECT * FROM `intro`  [ RunTime:0.000537s ]
INFO: [ view_parse ] --START--
INFO: [ template_filter ] --START--
INFO: Run Behavior\ContentReplaceBehavior [ RunTime:0.000181s ]
INFO: [ template_filter ] --END-- [ RunTime:0.000423s ]
INFO: Run Behavior\ParseTemplateBehavior [ RunTime:0.039957s ]
INFO: [ view_parse ] --END-- [ RunTime:0.040186s ]
INFO: [ view_filter ] --START--
INFO: Run Behavior\WriteHtmlCacheBehavior [ RunTime:0.000966s ]
INFO: [ view_filter ] --END-- [ RunTime:0.001154s ]
INFO: [ app_end ] --START--
INFO: Run Behavior\ShowPageTraceBehavior [ RunTime:0.001340s ]
INFO: [ app_end ] --END-- [ RunTime:0.001526s ]

[ 2016-06-19T20:00:59+08:00 ] 127.0.0.1 /index.php/Home/Index/index.html
INFO: [ app_init ] --START--
INFO: Run Behavior\BuildLiteBehavior [ RunTime:0.000048s ]
INFO: [ app_init ] --END-- [ RunTime:0.000722s ]
INFO: [ app_begin ] --START--
INFO: Run Behavior\ReadHtmlCacheBehavior [ RunTime:0.000925s ]
INFO: [ app_begin ] --END-- [ RunTime:0.001050s ]
SQL: SHOW COLUMNS FROM `goods` [ RunTime:0.245230s ]
SQL: SHOW COLUMNS FROM `intro` [ RunTime:0.067286s ]
SQL: SELECT * FROM `goods`  [ RunTime:0.000378s ]
SQL: SELECT * FROM `intro`  [ RunTime:0.000249s ]
INFO: [ view_parse ] --START--
INFO: [ template_filter ] --START--
INFO: Run Behavior\ContentReplaceBehavior [ RunTime:0.000104s ]
INFO: [ template_filter ] --END-- [ RunTime:0.000229s ]
INFO: Run Behavior\ParseTemplateBehavior [ RunTime:0.011115s ]
INFO: [ view_parse ] --END-- [ RunTime:0.011305s ]
INFO: [ view_filter ] --START--
INFO: Run Behavior\WriteHtmlCacheBehavior [ RunTime:0.000719s ]
INFO: [ view_filter ] --END-- [ RunTime:0.000851s ]
INFO: [ app_end ] --START--
INFO: Run Behavior\ShowPageTraceBehavior [ RunTime:0.000921s ]
INFO: [ app_end ] --END-- [ RunTime:0.001037s ]

[ 2016-06-19T20:01:01+08:00 ] 127.0.0.1 /index.php/Home/Product/product.html
INFO: [ app_init ] --START--
INFO: Run Behavior\BuildLiteBehavior [ RunTime:0.000054s ]
INFO: [ app_init ] --END-- [ RunTime:0.001026s ]
INFO: [ app_begin ] --START--
INFO: Run Behavior\ReadHtmlCacheBehavior [ RunTime:0.001428s ]
INFO: [ app_begin ] --END-- [ RunTime:0.001598s ]
SQL: SHOW COLUMNS FROM `goods` [ RunTime:0.038321s ]
SQL: SELECT a.id,a.logo,a.goods_td,a.goods_name,a.goods_msc,a.goods_desc,b.pic FROM goods a LEFT JOIN goods_pic b ON a.id=b.goods_id   [ RunTime:0.000615s ]
SQL: SELECT COUNT(*) AS tp_count FROM `goods` LIMIT 1   [ RunTime:0.000339s ]
SQL: SHOW COLUMNS FROM `goods_ms` [ RunTime:0.051124s ]
SQL: SELECT `cs`,`goods_asc` FROM `goods_ms`  [ RunTime:0.000487s ]
SQL: SHOW COLUMNS FROM `intro` [ RunTime:0.025667s ]
SQL: SELECT * FROM `intro`  [ RunTime:0.000404s ]
INFO: [ view_parse ] --START--
INFO: [ template_filter ] --START--
INFO: Run Behavior\ContentReplaceBehavior [ RunTime:0.000195s ]
INFO: [ template_filter ] --END-- [ RunTime:0.000356s ]
INFO: Run Behavior\ParseTemplateBehavior [ RunTime:0.042612s ]
INFO: [ view_parse ] --END-- [ RunTime:0.042795s ]
INFO: [ view_filter ] --START--
INFO: Run Behavior\WriteHtmlCacheBehavior [ RunTime:0.000642s ]
INFO: [ view_filter ] --END-- [ RunTime:0.000762s ]
INFO: [ app_end ] --START--
INFO: Run Behavior\ShowPageTraceBehavior [ RunTime:0.001746s ]
INFO: [ app_end ] --END-- [ RunTime:0.001959s ]

[ 2016-06-19T20:01:02+08:00 ] 127.0.0.1 /index.php/Home/News/news.html
INFO: [ app_init ] --START--
INFO: Run Behavior\BuildLiteBehavior [ RunTime:0.000030s ]
INFO: [ app_init ] --END-- [ RunTime:0.000593s ]
INFO: [ app_begin ] --START--
INFO: Run Behavior\ReadHtmlCacheBehavior [ RunTime:0.001331s ]
INFO: [ app_begin ] --END-- [ RunTime:0.001520s ]
SQL: SHOW COLUMNS FROM `news` [ RunTime:0.014255s ]
SQL: SELECT COUNT(*) AS tp_count FROM `news` LIMIT 1   [ RunTime:0.000298s ]
SQL: SELECT * FROM `news` LIMIT 0,4   [ RunTime:0.000406s ]
INFO: [ view_parse ] --START--
INFO: [ template_filter ] --START--
INFO: Run Behavior\ContentReplaceBehavior [ RunTime:0.000108s ]
INFO: [ template_filter ] --END-- [ RunTime:0.000272s ]
INFO: Run Behavior\ParseTemplateBehavior [ RunTime:0.032773s ]
INFO: [ view_parse ] --END-- [ RunTime:0.032922s ]
INFO: [ view_filter ] --START--
INFO: Run Behavior\WriteHtmlCacheBehavior [ RunTime:0.000663s ]
INFO: [ view_filter ] --END-- [ RunTime:0.000789s ]
INFO: [ app_end ] --START--
INFO: Run Behavior\ShowPageTraceBehavior [ RunTime:0.001432s ]
INFO: [ app_end ] --END-- [ RunTime:0.001646s ]

[ 2016-06-19T20:01:03+08:00 ] 127.0.0.1 /index.php/Home/Employ/careers.html
INFO: [ app_init ] --START--
INFO: Run Behavior\BuildLiteBehavior [ RunTime:0.000060s ]
INFO: [ app_init ] --END-- [ RunTime:0.001095s ]
INFO: [ app_begin ] --START--
INFO: Run Behavior\ReadHtmlCacheBehavior [ RunTime:0.001337s ]
INFO: [ app_begin ] --END-- [ RunTime:0.001508s ]
SQL: SHOW COLUMNS FROM `employ` [ RunTime:0.040336s ]
SQL: SELECT COUNT(*) AS tp_count FROM `employ` LIMIT 1   [ RunTime:0.000419s ]
SQL: SELECT * FROM `employ` LIMIT 0,1   [ RunTime:0.000482s ]
INFO: [ view_parse ] --START--
INFO: [ template_filter ] --START--
INFO: Run Behavior\ContentReplaceBehavior [ RunTime:0.000126s ]
INFO: [ template_filter ] --END-- [ RunTime:0.000277s ]
INFO: Run Behavior\ParseTemplateBehavior [ RunTime:0.030319s ]
INFO: [ view_parse ] --END-- [ RunTime:0.030496s ]
INFO: [ view_filter ] --START--
INFO: Run Behavior\WriteHtmlCacheBehavior [ RunTime:0.001079s ]
INFO: [ view_filter ] --END-- [ RunTime:0.001269s ]
INFO: [ app_end ] --START--
INFO: Run Behavior\ShowPageTraceBehavior [ RunTime:0.001753s ]
INFO: [ app_end ] --END-- [ RunTime:0.001984s ]

[ 2016-06-19T20:01:05+08:00 ] 127.0.0.1 /index.php/Home/Contact/contact.html
INFO: [ app_init ] --START--
INFO: Run Behavior\BuildLiteBehavior [ RunTime:0.000029s ]
INFO: [ app_init ] --END-- [ RunTime:0.000589s ]
INFO: [ app_begin ] --START--
INFO: Run Behavior\ReadHtmlCacheBehavior [ RunTime:0.001169s ]
INFO: [ app_begin ] --END-- [ RunTime:0.001308s ]
SQL: SHOW COLUMNS FROM `contact` [ RunTime:0.160374s ]
SQL: SELECT * FROM `contact`  [ RunTime:0.000611s ]
SQL: SHOW COLUMNS FROM `about` [ RunTime:0.011603s ]
SQL: SELECT * FROM `about`  [ RunTime:0.000291s ]
SQL: SHOW COLUMNS FROM `intro` [ RunTime:0.012690s ]
SQL: SELECT * FROM `intro`  [ RunTime:0.000405s ]
INFO: [ view_parse ] --START--
INFO: [ template_filter ] --START--
INFO: Run Behavior\ContentReplaceBehavior [ RunTime:0.000192s ]
INFO: [ template_filter ] --END-- [ RunTime:0.000413s ]
INFO: Run Behavior\ParseTemplateBehavior [ RunTime:0.033005s ]
INFO: [ view_parse ] --END-- [ RunTime:0.033209s ]
INFO: [ view_filter ] --START--
INFO: Run Behavior\WriteHtmlCacheBehavior [ RunTime:0.001018s ]
INFO: [ view_filter ] --END-- [ RunTime:0.001153s ]
INFO: [ app_end ] --START--
INFO: Run Behavior\ShowPageTraceBehavior [ RunTime:0.001694s ]
INFO: [ app_end ] --END-- [ RunTime:0.001915s ]

[ 2016-06-19T20:01:07+08:00 ] 127.0.0.1 /index.php/Home/Employ/careers.html
INFO: [ app_init ] --START--
INFO: Run Behavior\BuildLiteBehavior [ RunTime:0.000048s ]
INFO: [ app_init ] --END-- [ RunTime:0.000816s ]
INFO: [ app_begin ] --START--
INFO: Run Behavior\ReadHtmlCacheBehavior [ RunTime:0.001670s ]
INFO: [ app_begin ] --END-- [ RunTime:0.001943s ]
SQL: SHOW COLUMNS FROM `employ` [ RunTime:0.014960s ]
SQL: SELECT COUNT(*) AS tp_count FROM `employ` LIMIT 1   [ RunTime:0.000999s ]
SQL: SELECT * FROM `employ` LIMIT 0,1   [ RunTime:0.000691s ]
INFO: [ view_parse ] --START--
INFO: [ template_filter ] --START--
INFO: Run Behavior\ContentReplaceBehavior [ RunTime:0.000149s ]
INFO: [ template_filter ] --END-- [ RunTime:0.000283s ]
INFO: Run Behavior\ParseTemplateBehavior [ RunTime:0.014006s ]
INFO: [ view_parse ] --END-- [ RunTime:0.014175s ]
INFO: [ view_filter ] --START--
INFO: Run Behavior\WriteHtmlCacheBehavior [ RunTime:0.000633s ]
INFO: [ view_filter ] --END-- [ RunTime:0.000755s ]
INFO: [ app_end ] --START--
INFO: Run Behavior\ShowPageTraceBehavior [ RunTime:0.000955s ]
INFO: [ app_end ] --END-- [ RunTime:0.001071s ]

[ 2016-06-19T20:01:08+08:00 ] 127.0.0.1 /index.php/Home/Employ/careers/p/2.html
INFO: [ app_init ] --START--
INFO: Run Behavior\BuildLiteBehavior [ RunTime:0.000029s ]
INFO: [ app_init ] --END-- [ RunTime:0.000571s ]
INFO: [ app_begin ] --START--
INFO: Run Behavior\ReadHtmlCacheBehavior [ RunTime:0.000908s ]
INFO: [ app_begin ] --END-- [ RunTime:0.001047s ]
SQL: SHOW COLUMNS FROM `employ` [ RunTime:0.023039s ]
SQL: SELECT COUNT(*) AS tp_count FROM `employ` LIMIT 1   [ RunTime:0.000396s ]
SQL: SELECT * FROM `employ` LIMIT 1,1   [ RunTime:0.000363s ]
INFO: [ view_parse ] --START--
INFO: [ template_filter ] --START--
INFO: Run Behavior\ContentReplaceBehavior [ RunTime:0.000206s ]
INFO: [ template_filter ] --END-- [ RunTime:0.000453s ]
INFO: Run Behavior\ParseTemplateBehavior [ RunTime:0.013479s ]
INFO: [ view_parse ] --END-- [ RunTime:0.013670s ]
INFO: [ view_filter ] --START--
INFO: Run Behavior\WriteHtmlCacheBehavior [ RunTime:0.001350s ]
INFO: [ view_filter ] --END-- [ RunTime:0.001582s ]
INFO: [ app_end ] --START--
INFO: Run Behavior\ShowPageTraceBehavior [ RunTime:0.001577s ]
INFO: [ app_end ] --END-- [ RunTime:0.001870s ]

[ 2016-06-19T20:01:10+08:00 ] 127.0.0.1 /index.php/Home/Employ/careers/p/1.html
INFO: [ app_init ] --START--
INFO: Run Behavior\BuildLiteBehavior [ RunTime:0.000035s ]
INFO: [ app_init ] --END-- [ RunTime:0.000778s ]
INFO: [ app_begin ] --START--
INFO: Run Behavior\ReadHtmlCacheBehavior [ RunTime:0.000895s ]
INFO: [ app_begin ] --END-- [ RunTime:0.001019s ]
SQL: SHOW COLUMNS FROM `employ` [ RunTime:0.054122s ]
SQL: SELECT COUNT(*) AS tp_count FROM `employ` LIMIT 1   [ RunTime:0.000267s ]
SQL: SELECT * FROM `employ` LIMIT 0,1   [ RunTime:0.000386s ]
INFO: [ view_parse ] --START--
INFO: [ template_filter ] --START--
INFO: Run Behavior\ContentReplaceBehavior [ RunTime:0.000113s ]
INFO: [ template_filter ] --END-- [ RunTime:0.000244s ]
INFO: Run Behavior\ParseTemplateBehavior [ RunTime:0.012245s ]
INFO: [ view_parse ] --END-- [ RunTime:0.012382s ]
INFO: [ view_filter ] --START--
INFO: Run Behavior\WriteHtmlCacheBehavior [ RunTime:0.000634s ]
INFO: [ view_filter ] --END-- [ RunTime:0.000750s ]
INFO: [ app_end ] --START--
INFO: Run Behavior\ShowPageTraceBehavior [ RunTime:0.001007s ]
INFO: [ app_end ] --END-- [ RunTime:0.001169s ]

[ 2016-06-19T20:01:11+08:00 ] 127.0.0.1 /index.php/Home/Employ/careers/p/2.html
INFO: [ app_init ] --START--
INFO: Run Behavior\BuildLiteBehavior [ RunTime:0.000047s ]
INFO: [ app_init ] --END-- [ RunTime:0.000910s ]
INFO: [ app_begin ] --START--
INFO: Run Behavior\ReadHtmlCacheBehavior [ RunTime:0.001364s ]
INFO: [ app_begin ] --END-- [ RunTime:0.001546s ]
SQL: SHOW COLUMNS FROM `employ` [ RunTime:0.012012s ]
SQL: SELECT COUNT(*) AS tp_count FROM `employ` LIMIT 1   [ RunTime:0.000261s ]
SQL: SELECT * FROM `employ` LIMIT 1,1   [ RunTime:0.000325s ]
INFO: [ view_parse ] --START--
INFO: [ template_filter ] --START--
INFO: Run Behavior\ContentReplaceBehavior [ RunTime:0.000135s ]
INFO: [ template_filter ] --END-- [ RunTime:0.000276s ]
INFO: Run Behavior\ParseTemplateBehavior [ RunTime:0.011510s ]
INFO: [ view_parse ] --END-- [ RunTime:0.011640s ]
INFO: [ view_filter ] --START--
INFO: Run Behavior\WriteHtmlCacheBehavior [ RunTime:0.000625s ]
INFO: [ view_filter ] --END-- [ RunTime:0.000736s ]
INFO: [ app_end ] --START--
INFO: Run Behavior\ShowPageTraceBehavior [ RunTime:0.002531s ]
INFO: [ app_end ] --END-- [ RunTime:0.002785s ]

[ 2016-06-19T20:01:13+08:00 ] 127.0.0.1 /index.php/Home/Product/product.html
INFO: [ app_init ] --START--
INFO: Run Behavior\BuildLiteBehavior [ RunTime:0.000064s ]
INFO: [ app_init ] --END-- [ RunTime:0.001382s ]
INFO: [ app_begin ] --START--
INFO: Run Behavior\ReadHtmlCacheBehavior [ RunTime:0.001426s ]
INFO: [ app_begin ] --END-- [ RunTime:0.001692s ]
SQL: SHOW COLUMNS FROM `goods` [ RunTime:0.014877s ]
SQL: SELECT a.id,a.logo,a.goods_td,a.goods_name,a.goods_msc,a.goods_desc,b.pic FROM goods a LEFT JOIN goods_pic b ON a.id=b.goods_id   [ RunTime:0.000466s ]
SQL: SELECT COUNT(*) AS tp_count FROM `goods` LIMIT 1   [ RunTime:0.000303s ]
SQL: SHOW COLUMNS FROM `goods_ms` [ RunTime:0.010213s ]
SQL: SELECT `cs`,`goods_asc` FROM `goods_ms`  [ RunTime:0.000316s ]
SQL: SHOW COLUMNS FROM `intro` [ RunTime:0.009247s ]
SQL: SELECT * FROM `intro`  [ RunTime:0.000274s ]
INFO: [ view_parse ] --START--
INFO: [ template_filter ] --START--
INFO: Run Behavior\ContentReplaceBehavior [ RunTime:0.000149s ]
INFO: [ template_filter ] --END-- [ RunTime:0.000279s ]
INFO: Run Behavior\ParseTemplateBehavior [ RunTime:0.012955s ]
INFO: [ view_parse ] --END-- [ RunTime:0.013145s ]
INFO: [ view_filter ] --START--
INFO: Run Behavior\WriteHtmlCacheBehavior [ RunTime:0.000651s ]
INFO: [ view_filter ] --END-- [ RunTime:0.000763s ]
INFO: [ app_end ] --START--
INFO: Run Behavior\ShowPageTraceBehavior [ RunTime:0.001788s ]
INFO: [ app_end ] --END-- [ RunTime:0.002038s ]

[ 2016-06-19T20:01:24+08:00 ] 127.0.0.1 /index.php/Home/News/news.html
INFO: [ app_init ] --START--
INFO: Run Behavior\BuildLiteBehavior [ RunTime:0.000030s ]
INFO: [ app_init ] --END-- [ RunTime:0.000746s ]
INFO: [ app_begin ] --START--
INFO: Run Behavior\ReadHtmlCacheBehavior [ RunTime:0.000891s ]
INFO: [ app_begin ] --END-- [ RunTime:0.001016s ]
SQL: SHOW COLUMNS FROM `news` [ RunTime:0.017835s ]
SQL: SELECT COUNT(*) AS tp_count FROM `news` LIMIT 1   [ RunTime:0.000577s ]
SQL: SELECT * FROM `news` LIMIT 0,4   [ RunTime:0.000421s ]
INFO: [ view_parse ] --START--
INFO: [ template_filter ] --START--
INFO: Run Behavior\ContentReplaceBehavior [ RunTime:0.000110s ]
INFO: [ template_filter ] --END-- [ RunTime:0.000239s ]
INFO: Run Behavior\ParseTemplateBehavior [ RunTime:0.011165s ]
INFO: [ view_parse ] --END-- [ RunTime:0.011381s ]
INFO: [ view_filter ] --START--
INFO: Run Behavior\WriteHtmlCacheBehavior [ RunTime:0.001145s ]
INFO: [ view_filter ] --END-- [ RunTime:0.001332s ]
INFO: [ app_end ] --START--
INFO: Run Behavior\ShowPageTraceBehavior [ RunTime:0.001687s ]
INFO: [ app_end ] --END-- [ RunTime:0.001937s ]

[ 2016-06-19T20:01:27+08:00 ] 127.0.0.1 /index.php/Home/News/newsview/id/1.html
INFO: [ app_init ] --START--
INFO: Run Behavior\BuildLiteBehavior [ RunTime:0.000030s ]
INFO: [ app_init ] --END-- [ RunTime:0.000571s ]
INFO: [ app_begin ] --START--
INFO: Run Behavior\ReadHtmlCacheBehavior [ RunTime:0.001152s ]
INFO: [ app_begin ] --END-- [ RunTime:0.001354s ]
SQL: SHOW COLUMNS FROM `news` [ RunTime:0.019978s ]
SQL: SELECT * FROM `news` WHERE `id` = 1 LIMIT 1   [ RunTime:0.000348s ]
INFO: [ view_parse ] --START--
INFO: [ template_filter ] --START--
INFO: Run Behavior\ContentReplaceBehavior [ RunTime:0.000104s ]
INFO: [ template_filter ] --END-- [ RunTime:0.000228s ]
INFO: Run Behavior\ParseTemplateBehavior [ RunTime:0.033190s ]
INFO: [ view_parse ] --END-- [ RunTime:0.033364s ]
INFO: [ view_filter ] --START--
INFO: Run Behavior\WriteHtmlCacheBehavior [ RunTime:0.001009s ]
INFO: [ view_filter ] --END-- [ RunTime:0.001175s ]
INFO: [ app_end ] --START--
INFO: Run Behavior\ShowPageTraceBehavior [ RunTime:0.001457s ]
INFO: [ app_end ] --END-- [ RunTime:0.001741s ]

[ 2016-06-19T20:01:32+08:00 ] 127.0.0.1 /index.php/Home/News/news.html
INFO: [ app_init ] --START--
INFO: Run Behavior\BuildLiteBehavior [ RunTime:0.000028s ]
INFO: [ app_init ] --END-- [ RunTime:0.000580s ]
INFO: [ app_begin ] --START--
INFO: Run Behavior\ReadHtmlCacheBehavior [ RunTime:0.000915s ]
INFO: [ app_begin ] --END-- [ RunTime:0.001040s ]
SQL: SHOW COLUMNS FROM `news` [ RunTime:0.022174s ]
SQL: SELECT COUNT(*) AS tp_count FROM `news` LIMIT 1   [ RunTime:0.000341s ]
SQL: SELECT * FROM `news` LIMIT 0,4   [ RunTime:0.000443s ]
INFO: [ view_parse ] --START--
INFO: [ template_filter ] --START--
INFO: Run Behavior\ContentReplaceBehavior [ RunTime:0.000121s ]
INFO: [ template_filter ] --END-- [ RunTime:0.000254s ]
INFO: Run Behavior\ParseTemplateBehavior [ RunTime:0.013151s ]
INFO: [ view_parse ] --END-- [ RunTime:0.013292s ]
INFO: [ view_filter ] --START--
INFO: Run Behavior\WriteHtmlCacheBehavior [ RunTime:0.000684s ]
INFO: [ view_filter ] --END-- [ RunTime:0.000800s ]
INFO: [ app_end ] --START--
INFO: Run Behavior\ShowPageTraceBehavior [ RunTime:0.001542s ]
INFO: [ app_end ] --END-- [ RunTime:0.001794s ]

[ 2016-06-19T20:01:34+08:00 ] 127.0.0.1 /index.php/Home/Employ/careers.html
INFO: [ app_init ] --START--
INFO: Run Behavior\BuildLiteBehavior [ RunTime:0.000056s ]
INFO: [ app_init ] --END-- [ RunTime:0.001119s ]
INFO: [ app_begin ] --START--
INFO: Run Behavior\ReadHtmlCacheBehavior [ RunTime:0.001006s ]
INFO: [ app_begin ] --END-- [ RunTime:0.001151s ]
SQL: SHOW COLUMNS FROM `employ` [ RunTime:0.014654s ]
SQL: SELECT COUNT(*) AS tp_count FROM `employ` LIMIT 1   [ RunTime:0.000521s ]
SQL: SELECT * FROM `employ` LIMIT 0,1   [ RunTime:0.000485s ]
INFO: [ view_parse ] --START--
INFO: [ template_filter ] --START--
INFO: Run Behavior\ContentReplaceBehavior [ RunTime:0.000116s ]
INFO: [ template_filter ] --END-- [ RunTime:0.000251s ]
INFO: Run Behavior\ParseTemplateBehavior [ RunTime:0.012828s ]
INFO: [ view_parse ] --END-- [ RunTime:0.013083s ]
INFO: [ view_filter ] --START--
INFO: Run Behavior\WriteHtmlCacheBehavior [ RunTime:0.001085s ]
INFO: [ view_filter ] --END-- [ RunTime:0.001259s ]
INFO: [ app_end ] --START--
INFO: Run Behavior\ShowPageTraceBehavior [ RunTime:0.000920s ]
INFO: [ app_end ] --END-- [ RunTime:0.001043s ]

