[ 2016-06-15T00:01:07+08:00 ] 127.0.0.1 /index.php/Home/Index/index.html
INFO: [ app_init ] --START--
INFO: Run Behavior\BuildLiteBehavior [ RunTime:0.000031s ]
INFO: [ app_init ] --END-- [ RunTime:0.000554s ]
INFO: [ app_begin ] --START--
INFO: Run Behavior\ReadHtmlCacheBehavior [ RunTime:0.000999s ]
INFO: [ app_begin ] --END-- [ RunTime:0.001305s ]
SQL: SHOW COLUMNS FROM `goods` [ RunTime:0.012704s ]
SQL: SHOW COLUMNS FROM `intro` [ RunTime:0.008199s ]
SQL: SELECT * FROM `goods`  [ RunTime:0.000378s ]
SQL: SELECT * FROM `intro`  [ RunTime:0.000226s ]
INFO: [ view_parse ] --START--
INFO: [ template_filter ] --START--
INFO: Run Behavior\ContentReplaceBehavior [ RunTime:0.000107s ]
INFO: [ template_filter ] --END-- [ RunTime:0.000236s ]
INFO: Run Behavior\ParseTemplateBehavior [ RunTime:0.010691s ]
INFO: [ view_parse ] --END-- [ RunTime:0.010846s ]
INFO: [ view_filter ] --START--
INFO: Run Behavior\WriteHtmlCacheBehavior [ RunTime:0.001091s ]
INFO: [ view_filter ] --END-- [ RunTime:0.001263s ]
INFO: [ app_end ] --START--
INFO: Run Behavior\ShowPageTraceBehavior [ RunTime:0.000883s ]
INFO: [ app_end ] --END-- [ RunTime:0.000999s ]

[ 2016-06-15T00:01:25+08:00 ] 127.0.0.1 /index.php/Home/Index/index.html
INFO: [ app_init ] --START--
INFO: Run Behavior\BuildLiteBehavior [ RunTime:0.000029s ]
INFO: [ app_init ] --END-- [ RunTime:0.000561s ]
INFO: [ app_begin ] --START--
INFO: Run Behavior\ReadHtmlCacheBehavior [ RunTime:0.000744s ]
INFO: [ app_begin ] --END-- [ RunTime:0.000872s ]
SQL: SHOW COLUMNS FROM `goods` [ RunTime:0.017391s ]
SQL: SHOW COLUMNS FROM `intro` [ RunTime:0.008493s ]
SQL: SELECT * FROM `goods`  [ RunTime:0.000375s ]
SQL: SELECT * FROM `intro`  [ RunTime:0.000226s ]
INFO: [ view_parse ] --START--
INFO: [ template_filter ] --START--
INFO: Run Behavior\ContentReplaceBehavior [ RunTime:0.000105s ]
INFO: [ template_filter ] --END-- [ RunTime:0.000231s ]
INFO: Run Behavior\ParseTemplateBehavior [ RunTime:0.009404s ]
INFO: [ view_parse ] --END-- [ RunTime:0.009535s ]
INFO: [ view_filter ] --START--
INFO: Run Behavior\WriteHtmlCacheBehavior [ RunTime:0.000529s ]
INFO: [ view_filter ] --END-- [ RunTime:0.000672s ]
INFO: [ app_end ] --START--
INFO: Run Behavior\ShowPageTraceBehavior [ RunTime:0.000714s ]
INFO: [ app_end ] --END-- [ RunTime:0.000831s ]

[ 2016-06-15T00:01:41+08:00 ] 127.0.0.1 /index.php/Home/Index/index.html
INFO: [ app_init ] --START--
INFO: Run Behavior\BuildLiteBehavior [ RunTime:0.000058s ]
INFO: [ app_init ] --END-- [ RunTime:0.001393s ]
INFO: [ app_begin ] --START--
INFO: Run Behavior\ReadHtmlCacheBehavior [ RunTime:0.000837s ]
INFO: [ app_begin ] --END-- [ RunTime:0.000973s ]
SQL: SHOW COLUMNS FROM `goods` [ RunTime:0.010314s ]
SQL: SHOW COLUMNS FROM `intro` [ RunTime:0.007738s ]
SQL: SELECT * FROM `goods`  [ RunTime:0.000520s ]
SQL: SELECT * FROM `intro`  [ RunTime:0.000347s ]
INFO: [ view_parse ] --START--
INFO: [ template_filter ] --START--
INFO: Run Behavior\ContentReplaceBehavior [ RunTime:0.000108s ]
INFO: [ template_filter ] --END-- [ RunTime:0.000239s ]
INFO: Run Behavior\ParseTemplateBehavior [ RunTime:0.009301s ]
INFO: [ view_parse ] --END-- [ RunTime:0.009435s ]
INFO: [ view_filter ] --START--
INFO: Run Behavior\WriteHtmlCacheBehavior [ RunTime:0.000474s ]
INFO: [ view_filter ] --END-- [ RunTime:0.000590s ]
INFO: [ app_end ] --START--
INFO: Run Behavior\ShowPageTraceBehavior [ RunTime:0.001210s ]
INFO: [ app_end ] --END-- [ RunTime:0.001389s ]

[ 2016-06-15T00:04:55+08:00 ] 127.0.0.1 /index.php/Home/Contact/contact.html
INFO: [ app_init ] --START--
INFO: Run Behavior\BuildLiteBehavior [ RunTime:0.000050s ]
INFO: [ app_init ] --END-- [ RunTime:0.000879s ]
INFO: [ app_begin ] --START--
INFO: Run Behavior\ReadHtmlCacheBehavior [ RunTime:0.001045s ]
INFO: [ app_begin ] --END-- [ RunTime:0.001235s ]
SQL: SHOW COLUMNS FROM `contact` [ RunTime:0.013369s ]
SQL: SELECT * FROM `contact`  [ RunTime:0.000453s ]
SQL: SHOW COLUMNS FROM `about` [ RunTime:0.007347s ]
SQL: SELECT * FROM `about`  [ RunTime:0.000300s ]
SQL: SHOW COLUMNS FROM `intro` [ RunTime:0.007716s ]
SQL: SELECT * FROM `intro`  [ RunTime:0.000344s ]
INFO: [ view_parse ] --START--
INFO: [ template_filter ] --START--
INFO: Run Behavior\ContentReplaceBehavior [ RunTime:0.000119s ]
INFO: [ template_filter ] --END-- [ RunTime:0.000258s ]
INFO: Run Behavior\ParseTemplateBehavior [ RunTime:0.028873s ]
INFO: [ view_parse ] --END-- [ RunTime:0.029025s ]
INFO: [ view_filter ] --START--
INFO: Run Behavior\WriteHtmlCacheBehavior [ RunTime:0.000510s ]
INFO: [ view_filter ] --END-- [ RunTime:0.000625s ]
INFO: [ app_end ] --START--
INFO: Run Behavior\ShowPageTraceBehavior [ RunTime:0.000725s ]
INFO: [ app_end ] --END-- [ RunTime:0.000840s ]

[ 2016-06-15T00:05:23+08:00 ] 127.0.0.1 /index.php/Home/Index/index.html
INFO: [ app_init ] --START--
INFO: Run Behavior\BuildLiteBehavior [ RunTime:0.000052s ]
INFO: [ app_init ] --END-- [ RunTime:0.000933s ]
INFO: [ app_begin ] --START--
INFO: Run Behavior\ReadHtmlCacheBehavior [ RunTime:0.000691s ]
INFO: [ app_begin ] --END-- [ RunTime:0.000820s ]
SQL: SHOW COLUMNS FROM `goods` [ RunTime:0.016576s ]
SQL: SHOW COLUMNS FROM `intro` [ RunTime:0.009738s ]
SQL: SELECT * FROM `goods`  [ RunTime:0.000388s ]
SQL: SELECT * FROM `intro`  [ RunTime:0.000258s ]
INFO: [ view_parse ] --START--
INFO: [ template_filter ] --START--
INFO: Run Behavior\ContentReplaceBehavior [ RunTime:0.000112s ]
INFO: [ template_filter ] --END-- [ RunTime:0.000247s ]
INFO: Run Behavior\ParseTemplateBehavior [ RunTime:0.009738s ]
INFO: [ view_parse ] --END-- [ RunTime:0.009874s ]
INFO: [ view_filter ] --START--
INFO: Run Behavior\WriteHtmlCacheBehavior [ RunTime:0.000398s ]
INFO: [ view_filter ] --END-- [ RunTime:0.000510s ]
INFO: [ app_end ] --START--
INFO: Run Behavior\ShowPageTraceBehavior [ RunTime:0.000679s ]
INFO: [ app_end ] --END-- [ RunTime:0.000798s ]

[ 2016-06-15T00:05:29+08:00 ] 127.0.0.1 /index.php/Home/Product/product.html
INFO: [ app_init ] --START--
INFO: Run Behavior\BuildLiteBehavior [ RunTime:0.000028s ]
INFO: [ app_init ] --END-- [ RunTime:0.000556s ]
INFO: [ app_begin ] --START--
INFO: Run Behavior\ReadHtmlCacheBehavior [ RunTime:0.000757s ]
INFO: [ app_begin ] --END-- [ RunTime:0.000885s ]
SQL: SHOW COLUMNS FROM `goods` [ RunTime:0.029528s ]
SQL: SELECT a.id,a.logo,a.goods_td,a.goods_name,a.goods_msc,a.goods_desc,b.pic FROM goods a LEFT JOIN goods_pic b ON a.id=b.goods_id   [ RunTime:0.000731s ]
SQL: SELECT COUNT(*) AS tp_count FROM `goods` LIMIT 1   [ RunTime:0.000276s ]
SQL: SHOW COLUMNS FROM `goods_ms` [ RunTime:0.045129s ]
SQL: SELECT `cs`,`goods_asc` FROM `goods_ms`  [ RunTime:0.000289s ]
SQL: SHOW COLUMNS FROM `intro` [ RunTime:0.009584s ]
SQL: SELECT * FROM `intro`  [ RunTime:0.000300s ]
INFO: [ view_parse ] --START--
INFO: [ template_filter ] --START--
INFO: Run Behavior\ContentReplaceBehavior [ RunTime:0.000151s ]
INFO: [ template_filter ] --END-- [ RunTime:0.000283s ]
INFO: Run Behavior\ParseTemplateBehavior [ RunTime:0.012129s ]
INFO: [ view_parse ] --END-- [ RunTime:0.012262s ]
INFO: [ view_filter ] --START--
INFO: Run Behavior\WriteHtmlCacheBehavior [ RunTime:0.000486s ]
INFO: [ view_filter ] --END-- [ RunTime:0.000601s ]
INFO: [ app_end ] --START--
INFO: Run Behavior\ShowPageTraceBehavior [ RunTime:0.001406s ]
INFO: [ app_end ] --END-- [ RunTime:0.001682s ]

[ 2016-06-15T00:06:24+08:00 ] 127.0.0.1 /index.php/Home/Product/product.html
INFO: [ app_init ] --START--
INFO: Run Behavior\BuildLiteBehavior [ RunTime:0.000053s ]
INFO: [ app_init ] --END-- [ RunTime:0.000964s ]
INFO: [ app_begin ] --START--
INFO: Run Behavior\ReadHtmlCacheBehavior [ RunTime:0.000683s ]
INFO: [ app_begin ] --END-- [ RunTime:0.000807s ]
SQL: SHOW COLUMNS FROM `goods` [ RunTime:0.016273s ]
SQL: SELECT a.id,a.logo,a.goods_td,a.goods_name,a.goods_msc,a.goods_desc,b.pic FROM goods a LEFT JOIN goods_pic b ON a.id=b.goods_id   [ RunTime:0.000448s ]
SQL: SELECT COUNT(*) AS tp_count FROM `goods` LIMIT 1   [ RunTime:0.000221s ]
SQL: SHOW COLUMNS FROM `goods_ms` [ RunTime:0.008690s ]
SQL: SELECT `cs`,`goods_asc` FROM `goods_ms`  [ RunTime:0.000318s ]
SQL: SHOW COLUMNS FROM `intro` [ RunTime:0.008057s ]
SQL: SELECT * FROM `intro`  [ RunTime:0.000306s ]
INFO: [ view_parse ] --START--
INFO: [ template_filter ] --START--
INFO: Run Behavior\ContentReplaceBehavior [ RunTime:0.000147s ]
INFO: [ template_filter ] --END-- [ RunTime:0.000280s ]
INFO: Run Behavior\ParseTemplateBehavior [ RunTime:0.010871s ]
INFO: [ view_parse ] --END-- [ RunTime:0.011005s ]
INFO: [ view_filter ] --START--
INFO: Run Behavior\WriteHtmlCacheBehavior [ RunTime:0.000410s ]
INFO: [ view_filter ] --END-- [ RunTime:0.000529s ]
INFO: [ app_end ] --START--
INFO: Run Behavior\ShowPageTraceBehavior [ RunTime:0.001294s ]
INFO: [ app_end ] --END-- [ RunTime:0.001569s ]

[ 2016-06-15T00:07:08+08:00 ] 127.0.0.1 /index.php/Home/Product/product.html
INFO: [ app_init ] --START--
INFO: Run Behavior\BuildLiteBehavior [ RunTime:0.000031s ]
INFO: [ app_init ] --END-- [ RunTime:0.000580s ]
INFO: [ app_begin ] --START--
INFO: Run Behavior\ReadHtmlCacheBehavior [ RunTime:0.001451s ]
INFO: [ app_begin ] --END-- [ RunTime:0.001658s ]
SQL: SHOW COLUMNS FROM `goods` [ RunTime:0.015622s ]
SQL: SELECT a.id,a.logo,a.goods_td,a.goods_name,a.goods_msc,a.goods_desc,b.pic FROM goods a LEFT JOIN goods_pic b ON a.id=b.goods_id   [ RunTime:0.000421s ]
SQL: SELECT COUNT(*) AS tp_count FROM `goods` LIMIT 1   [ RunTime:0.000216s ]
SQL: SHOW COLUMNS FROM `goods_ms` [ RunTime:0.008969s ]
SQL: SELECT `cs`,`goods_asc` FROM `goods_ms`  [ RunTime:0.000308s ]
SQL: SHOW COLUMNS FROM `intro` [ RunTime:0.007327s ]
SQL: SELECT * FROM `intro`  [ RunTime:0.000748s ]
INFO: [ view_parse ] --START--
INFO: [ template_filter ] --START--
INFO: Run Behavior\ContentReplaceBehavior [ RunTime:0.000149s ]
INFO: [ template_filter ] --END-- [ RunTime:0.000275s ]
INFO: Run Behavior\ParseTemplateBehavior [ RunTime:0.011164s ]
INFO: [ view_parse ] --END-- [ RunTime:0.011300s ]
INFO: [ view_filter ] --START--
INFO: Run Behavior\WriteHtmlCacheBehavior [ RunTime:0.000576s ]
INFO: [ view_filter ] --END-- [ RunTime:0.000686s ]
INFO: [ app_end ] --START--
INFO: Run Behavior\ShowPageTraceBehavior [ RunTime:0.001473s ]
INFO: [ app_end ] --END-- [ RunTime:0.001725s ]

[ 2016-06-15T00:07:09+08:00 ] 127.0.0.1 /index.php/Home/Product/product.html
INFO: [ app_init ] --START--
INFO: Run Behavior\BuildLiteBehavior [ RunTime:0.000050s ]
INFO: [ app_init ] --END-- [ RunTime:0.000953s ]
INFO: [ app_begin ] --START--
INFO: Run Behavior\ReadHtmlCacheBehavior [ RunTime:0.001458s ]
INFO: [ app_begin ] --END-- [ RunTime:0.001685s ]
SQL: SHOW COLUMNS FROM `goods` [ RunTime:0.013181s ]
SQL: SELECT a.id,a.logo,a.goods_td,a.goods_name,a.goods_msc,a.goods_desc,b.pic FROM goods a LEFT JOIN goods_pic b ON a.id=b.goods_id   [ RunTime:0.000577s ]
SQL: SELECT COUNT(*) AS tp_count FROM `goods` LIMIT 1   [ RunTime:0.000280s ]
SQL: SHOW COLUMNS FROM `goods_ms` [ RunTime:0.010149s ]
SQL: SELECT `cs`,`goods_asc` FROM `goods_ms`  [ RunTime:0.000333s ]
SQL: SHOW COLUMNS FROM `intro` [ RunTime:0.009467s ]
SQL: SELECT * FROM `intro`  [ RunTime:0.000407s ]
INFO: [ view_parse ] --START--
INFO: [ template_filter ] --START--
INFO: Run Behavior\ContentReplaceBehavior [ RunTime:0.000243s ]
INFO: [ template_filter ] --END-- [ RunTime:0.000478s ]
INFO: Run Behavior\ParseTemplateBehavior [ RunTime:0.018585s ]
INFO: [ view_parse ] --END-- [ RunTime:0.018763s ]
INFO: [ view_filter ] --START--
INFO: Run Behavior\WriteHtmlCacheBehavior [ RunTime:0.000729s ]
INFO: [ view_filter ] --END-- [ RunTime:0.000844s ]
INFO: [ app_end ] --START--
INFO: Run Behavior\ShowPageTraceBehavior [ RunTime:0.001776s ]
INFO: [ app_end ] --END-- [ RunTime:0.002016s ]

[ 2016-06-15T00:12:45+08:00 ] 127.0.0.1 /index.php/Home/Employ/careers/p/1.html
INFO: [ app_init ] --START--
INFO: Run Behavior\BuildLiteBehavior [ RunTime:0.000029s ]
INFO: [ app_init ] --END-- [ RunTime:0.000559s ]
INFO: [ app_begin ] --START--
INFO: Run Behavior\ReadHtmlCacheBehavior [ RunTime:0.000684s ]
INFO: [ app_begin ] --END-- [ RunTime:0.000808s ]
SQL: SHOW COLUMNS FROM `employ` [ RunTime:0.017666s ]
SQL: SELECT COUNT(*) AS tp_count FROM `employ` LIMIT 1   [ RunTime:0.000479s ]
SQL: SELECT * FROM `employ` LIMIT 0,1   [ RunTime:0.000507s ]
INFO: [ view_parse ] --START--
INFO: [ template_filter ] --START--
INFO: Run Behavior\ContentReplaceBehavior [ RunTime:0.000114s ]
INFO: [ template_filter ] --END-- [ RunTime:0.000239s ]
INFO: Run Behavior\ParseTemplateBehavior [ RunTime:0.022940s ]
INFO: [ view_parse ] --END-- [ RunTime:0.023278s ]
INFO: [ view_filter ] --START--
INFO: Run Behavior\WriteHtmlCacheBehavior [ RunTime:0.000866s ]
INFO: [ view_filter ] --END-- [ RunTime:0.001107s ]
INFO: [ app_end ] --START--
INFO: Run Behavior\ShowPageTraceBehavior [ RunTime:0.000851s ]
INFO: [ app_end ] --END-- [ RunTime:0.001019s ]

[ 2016-06-15T00:14:02+08:00 ] 127.0.0.1 /index.php/Home/Employ/careers/p/1.html
INFO: [ app_init ] --START--
INFO: Run Behavior\BuildLiteBehavior [ RunTime:0.000028s ]
INFO: [ app_init ] --END-- [ RunTime:0.000568s ]
INFO: [ app_begin ] --START--
INFO: Run Behavior\ReadHtmlCacheBehavior [ RunTime:0.000982s ]
INFO: [ app_begin ] --END-- [ RunTime:0.001108s ]
SQL: SHOW COLUMNS FROM `employ` [ RunTime:0.016273s ]
SQL: SELECT COUNT(*) AS tp_count FROM `employ` LIMIT 1   [ RunTime:0.000256s ]
SQL: SELECT * FROM `employ` LIMIT 0,1   [ RunTime:0.000334s ]
INFO: [ view_parse ] --START--
INFO: [ template_filter ] --START--
INFO: Run Behavior\ContentReplaceBehavior [ RunTime:0.000115s ]
INFO: [ template_filter ] --END-- [ RunTime:0.000244s ]
INFO: Run Behavior\ParseTemplateBehavior [ RunTime:0.011133s ]
INFO: [ view_parse ] --END-- [ RunTime:0.011309s ]
INFO: [ view_filter ] --START--
INFO: Run Behavior\WriteHtmlCacheBehavior [ RunTime:0.000625s ]
INFO: [ view_filter ] --END-- [ RunTime:0.000738s ]
INFO: [ app_end ] --START--
INFO: Run Behavior\ShowPageTraceBehavior [ RunTime:0.000887s ]
INFO: [ app_end ] --END-- [ RunTime:0.001006s ]

[ 2016-06-15T00:14:04+08:00 ] 127.0.0.1 /index.php/Home/Employ/careers/p/1.html
INFO: [ app_init ] --START--
INFO: Run Behavior\BuildLiteBehavior [ RunTime:0.000030s ]
INFO: [ app_init ] --END-- [ RunTime:0.000576s ]
INFO: [ app_begin ] --START--
INFO: Run Behavior\ReadHtmlCacheBehavior [ RunTime:0.001016s ]
INFO: [ app_begin ] --END-- [ RunTime:0.001207s ]
SQL: SHOW COLUMNS FROM `employ` [ RunTime:0.014922s ]
SQL: SELECT COUNT(*) AS tp_count FROM `employ` LIMIT 1   [ RunTime:0.000254s ]
SQL: SELECT * FROM `employ` LIMIT 0,1   [ RunTime:0.000394s ]
INFO: [ view_parse ] --START--
INFO: [ template_filter ] --START--
INFO: Run Behavior\ContentReplaceBehavior [ RunTime:0.000113s ]
INFO: [ template_filter ] --END-- [ RunTime:0.000259s ]
INFO: Run Behavior\ParseTemplateBehavior [ RunTime:0.011130s ]
INFO: [ view_parse ] --END-- [ RunTime:0.011335s ]
INFO: [ view_filter ] --START--
INFO: Run Behavior\WriteHtmlCacheBehavior [ RunTime:0.000584s ]
INFO: [ view_filter ] --END-- [ RunTime:0.000717s ]
INFO: [ app_end ] --START--
INFO: Run Behavior\ShowPageTraceBehavior [ RunTime:0.000728s ]
INFO: [ app_end ] --END-- [ RunTime:0.000858s ]

[ 2016-06-15T18:19:16+08:00 ] 127.0.0.1 /index.php/Home/News/news.html
INFO: [ app_init ] --START--
INFO: Run Behavior\BuildLiteBehavior [ RunTime:0.000036s ]
INFO: [ app_init ] --END-- [ RunTime:0.009055s ]
INFO: [ app_begin ] --START--
INFO: Run Behavior\ReadHtmlCacheBehavior [ RunTime:0.009271s ]
INFO: [ app_begin ] --END-- [ RunTime:0.009421s ]
SQL: SHOW COLUMNS FROM `news` [ RunTime:0.028096s ]
SQL: SELECT COUNT(*) AS tp_count FROM `news` LIMIT 1   [ RunTime:0.000283s ]
SQL: SELECT * FROM `news` LIMIT 0,4   [ RunTime:0.000592s ]
INFO: [ view_parse ] --START--
INFO: [ template_filter ] --START--
INFO: Run Behavior\ContentReplaceBehavior [ RunTime:0.000112s ]
INFO: [ template_filter ] --END-- [ RunTime:0.000247s ]
INFO: Run Behavior\ParseTemplateBehavior [ RunTime:0.139732s ]
INFO: [ view_parse ] --END-- [ RunTime:0.139926s ]
INFO: [ view_filter ] --START--
INFO: Run Behavior\WriteHtmlCacheBehavior [ RunTime:0.007441s ]
INFO: [ view_filter ] --END-- [ RunTime:0.007627s ]
INFO: [ app_end ] --START--
INFO: Run Behavior\ShowPageTraceBehavior [ RunTime:0.025751s ]
INFO: [ app_end ] --END-- [ RunTime:0.026059s ]

[ 2016-06-15T19:31:07+08:00 ] 127.0.0.1 /index.php/Home/News/news.html
INFO: [ app_init ] --START--
INFO: Run Behavior\BuildLiteBehavior [ RunTime:0.000048s ]
INFO: [ app_init ] --END-- [ RunTime:0.000812s ]
INFO: [ app_begin ] --START--
INFO: Run Behavior\ReadHtmlCacheBehavior [ RunTime:0.000945s ]
INFO: [ app_begin ] --END-- [ RunTime:0.001102s ]
SQL: SHOW COLUMNS FROM `news` [ RunTime:0.010757s ]
SQL: SELECT COUNT(*) AS tp_count FROM `news` LIMIT 1   [ RunTime:0.000252s ]
SQL: SELECT * FROM `news` LIMIT 0,4   [ RunTime:0.000484s ]
INFO: [ view_parse ] --START--
INFO: [ template_filter ] --START--
INFO: Run Behavior\ContentReplaceBehavior [ RunTime:0.000112s ]
INFO: [ template_filter ] --END-- [ RunTime:0.000244s ]
INFO: Run Behavior\ParseTemplateBehavior [ RunTime:0.010415s ]
INFO: [ view_parse ] --END-- [ RunTime:0.010559s ]
INFO: [ view_filter ] --START--
INFO: Run Behavior\WriteHtmlCacheBehavior [ RunTime:0.000875s ]
INFO: [ view_filter ] --END-- [ RunTime:0.001134s ]
INFO: [ app_end ] --START--
INFO: Run Behavior\ShowPageTraceBehavior [ RunTime:0.001742s ]
INFO: [ app_end ] --END-- [ RunTime:0.002063s ]

[ 2016-06-15T19:31:17+08:00 ] 127.0.0.1 /index.php/Home/News/news/p/2.html
INFO: [ app_init ] --START--
INFO: Run Behavior\BuildLiteBehavior [ RunTime:0.000029s ]
INFO: [ app_init ] --END-- [ RunTime:0.000534s ]
INFO: [ app_begin ] --START--
INFO: Run Behavior\ReadHtmlCacheBehavior [ RunTime:0.000678s ]
INFO: [ app_begin ] --END-- [ RunTime:0.000811s ]
SQL: SHOW COLUMNS FROM `news` [ RunTime:0.011380s ]
SQL: SELECT COUNT(*) AS tp_count FROM `news` LIMIT 1   [ RunTime:0.000311s ]
SQL: SELECT * FROM `news` LIMIT 4,4   [ RunTime:0.000625s ]
INFO: [ view_parse ] --START--
INFO: [ template_filter ] --START--
INFO: Run Behavior\ContentReplaceBehavior [ RunTime:0.000107s ]
INFO: [ template_filter ] --END-- [ RunTime:0.000230s ]
INFO: Run Behavior\ParseTemplateBehavior [ RunTime:0.009534s ]
INFO: [ view_parse ] --END-- [ RunTime:0.009722s ]
INFO: [ view_filter ] --START--
INFO: Run Behavior\WriteHtmlCacheBehavior [ RunTime:0.000388s ]
INFO: [ view_filter ] --END-- [ RunTime:0.000507s ]
INFO: [ app_end ] --START--
INFO: Run Behavior\ShowPageTraceBehavior [ RunTime:0.001284s ]
INFO: [ app_end ] --END-- [ RunTime:0.001581s ]

[ 2016-06-15T19:31:33+08:00 ] 127.0.0.1 /index.php/Home/Contact/contact.html
INFO: [ app_init ] --START--
INFO: Run Behavior\BuildLiteBehavior [ RunTime:0.000054s ]
INFO: [ app_init ] --END-- [ RunTime:0.000991s ]
INFO: [ app_begin ] --START--
INFO: Run Behavior\ReadHtmlCacheBehavior [ RunTime:0.001068s ]
INFO: [ app_begin ] --END-- [ RunTime:0.001291s ]
SQL: SHOW COLUMNS FROM `contact` [ RunTime:0.013347s ]
SQL: SELECT * FROM `contact`  [ RunTime:0.000303s ]
SQL: SHOW COLUMNS FROM `about` [ RunTime:0.016084s ]
SQL: SELECT * FROM `about`  [ RunTime:0.000340s ]
SQL: SHOW COLUMNS FROM `intro` [ RunTime:0.009579s ]
SQL: SELECT * FROM `intro`  [ RunTime:0.000405s ]
INFO: [ view_parse ] --START--
INFO: [ template_filter ] --START--
INFO: Run Behavior\ContentReplaceBehavior [ RunTime:0.000119s ]
INFO: [ template_filter ] --END-- [ RunTime:0.000249s ]
INFO: Run Behavior\ParseTemplateBehavior [ RunTime:0.027837s ]
INFO: [ view_parse ] --END-- [ RunTime:0.027981s ]
INFO: [ view_filter ] --START--
INFO: Run Behavior\WriteHtmlCacheBehavior [ RunTime:0.000420s ]
INFO: [ view_filter ] --END-- [ RunTime:0.000539s ]
INFO: [ app_end ] --START--
INFO: Run Behavior\ShowPageTraceBehavior [ RunTime:0.000712s ]
INFO: [ app_end ] --END-- [ RunTime:0.000828s ]

[ 2016-06-15T19:47:22+08:00 ] 127.0.0.1 /index.php/Home/Employ/careers.html
INFO: [ app_init ] --START--
INFO: Run Behavior\BuildLiteBehavior [ RunTime:0.000029s ]
INFO: [ app_init ] --END-- [ RunTime:0.000547s ]
INFO: [ app_begin ] --START--
INFO: Run Behavior\ReadHtmlCacheBehavior [ RunTime:0.000678s ]
INFO: [ app_begin ] --END-- [ RunTime:0.000798s ]
SQL: SHOW COLUMNS FROM `employ` [ RunTime:0.021840s ]
SQL: SELECT COUNT(*) AS tp_count FROM `employ` LIMIT 1   [ RunTime:0.000274s ]
SQL: SELECT * FROM `employ` LIMIT 0,1   [ RunTime:0.000345s ]
INFO: [ view_parse ] --START--
INFO: [ template_filter ] --START--
INFO: Run Behavior\ContentReplaceBehavior [ RunTime:0.000136s ]
INFO: [ template_filter ] --END-- [ RunTime:0.000307s ]
INFO: Run Behavior\ParseTemplateBehavior [ RunTime:0.032323s ]
INFO: [ view_parse ] --END-- [ RunTime:0.032457s ]
INFO: [ view_filter ] --START--
INFO: Run Behavior\WriteHtmlCacheBehavior [ RunTime:0.000529s ]
INFO: [ view_filter ] --END-- [ RunTime:0.000645s ]
INFO: [ app_end ] --START--
INFO: Run Behavior\ShowPageTraceBehavior [ RunTime:0.001528s ]
INFO: [ app_end ] --END-- [ RunTime:0.001717s ]

[ 2016-06-15T19:47:30+08:00 ] 127.0.0.1 /index.php/Home/Employ/careers/p/1.html
INFO: [ app_init ] --START--
INFO: Run Behavior\BuildLiteBehavior [ RunTime:0.000038s ]
INFO: [ app_init ] --END-- [ RunTime:0.000744s ]
INFO: [ app_begin ] --START--
INFO: Run Behavior\ReadHtmlCacheBehavior [ RunTime:0.001030s ]
INFO: [ app_begin ] --END-- [ RunTime:0.001258s ]
SQL: SHOW COLUMNS FROM `employ` [ RunTime:0.017498s ]
SQL: SELECT COUNT(*) AS tp_count FROM `employ` LIMIT 1   [ RunTime:0.000330s ]
SQL: SELECT * FROM `employ` LIMIT 0,1   [ RunTime:0.000391s ]
INFO: [ view_parse ] --START--
INFO: [ template_filter ] --START--
INFO: Run Behavior\ContentReplaceBehavior [ RunTime:0.000123s ]
INFO: [ template_filter ] --END-- [ RunTime:0.000254s ]
INFO: Run Behavior\ParseTemplateBehavior [ RunTime:0.011183s ]
INFO: [ view_parse ] --END-- [ RunTime:0.011331s ]
INFO: [ view_filter ] --START--
INFO: Run Behavior\WriteHtmlCacheBehavior [ RunTime:0.000444s ]
INFO: [ view_filter ] --END-- [ RunTime:0.000577s ]
INFO: [ app_end ] --START--
INFO: Run Behavior\ShowPageTraceBehavior [ RunTime:0.000669s ]
INFO: [ app_end ] --END-- [ RunTime:0.000834s ]

[ 2016-06-15T19:48:33+08:00 ] 127.0.0.1 /index.php/Home/Employ/careers/p/2.html
INFO: [ app_init ] --START--
INFO: Run Behavior\BuildLiteBehavior [ RunTime:0.000034s ]
INFO: [ app_init ] --END-- [ RunTime:0.001018s ]
INFO: [ app_begin ] --START--
INFO: Run Behavior\ReadHtmlCacheBehavior [ RunTime:0.000827s ]
INFO: [ app_begin ] --END-- [ RunTime:0.000970s ]
SQL: SHOW COLUMNS FROM `employ` [ RunTime:0.040550s ]
SQL: SELECT COUNT(*) AS tp_count FROM `employ` LIMIT 1   [ RunTime:0.000274s ]
SQL: SELECT * FROM `employ` LIMIT 1,1   [ RunTime:0.000335s ]
INFO: [ view_parse ] --START--
INFO: [ template_filter ] --START--
INFO: Run Behavior\ContentReplaceBehavior [ RunTime:0.000125s ]
INFO: [ template_filter ] --END-- [ RunTime:0.000265s ]
INFO: Run Behavior\ParseTemplateBehavior [ RunTime:0.028138s ]
INFO: [ view_parse ] --END-- [ RunTime:0.028289s ]
INFO: [ view_filter ] --START--
INFO: Run Behavior\WriteHtmlCacheBehavior [ RunTime:0.000551s ]
INFO: [ view_filter ] --END-- [ RunTime:0.000683s ]
INFO: [ app_end ] --START--
INFO: Run Behavior\ShowPageTraceBehavior [ RunTime:0.000734s ]
INFO: [ app_end ] --END-- [ RunTime:0.000859s ]

[ 2016-06-15T19:49:36+08:00 ] 127.0.0.1 /index.php/Home/Employ/careers/p/1.html
INFO: [ app_init ] --START--
INFO: Run Behavior\BuildLiteBehavior [ RunTime:0.000028s ]
INFO: [ app_init ] --END-- [ RunTime:0.000514s ]
INFO: [ app_begin ] --START--
INFO: Run Behavior\ReadHtmlCacheBehavior [ RunTime:0.000730s ]
INFO: [ app_begin ] --END-- [ RunTime:0.000864s ]
SQL: SHOW COLUMNS FROM `employ` [ RunTime:0.019727s ]
SQL: SELECT COUNT(*) AS tp_count FROM `employ` LIMIT 1   [ RunTime:0.000296s ]
SQL: SELECT * FROM `employ` LIMIT 0,1   [ RunTime:0.000633s ]
INFO: [ view_parse ] --START--
INFO: [ template_filter ] --START--
INFO: Run Behavior\ContentReplaceBehavior [ RunTime:0.000151s ]
INFO: [ template_filter ] --END-- [ RunTime:0.000298s ]
INFO: Run Behavior\ParseTemplateBehavior [ RunTime:0.010540s ]
INFO: [ view_parse ] --END-- [ RunTime:0.010741s ]
INFO: [ view_filter ] --START--
INFO: Run Behavior\WriteHtmlCacheBehavior [ RunTime:0.000401s ]
INFO: [ view_filter ] --END-- [ RunTime:0.000518s ]
INFO: [ app_end ] --START--
INFO: Run Behavior\ShowPageTraceBehavior [ RunTime:0.000637s ]
INFO: [ app_end ] --END-- [ RunTime:0.000757s ]

[ 2016-06-15T19:49:53+08:00 ] 127.0.0.1 /index.php/Home/Employ/careers/p/2.html
INFO: [ app_init ] --START--
INFO: Run Behavior\BuildLiteBehavior [ RunTime:0.000029s ]
INFO: [ app_init ] --END-- [ RunTime:0.000607s ]
INFO: [ app_begin ] --START--
INFO: Run Behavior\ReadHtmlCacheBehavior [ RunTime:0.000763s ]
INFO: [ app_begin ] --END-- [ RunTime:0.000898s ]
SQL: SHOW COLUMNS FROM `employ` [ RunTime:0.017772s ]
SQL: SELECT COUNT(*) AS tp_count FROM `employ` LIMIT 1   [ RunTime:0.000283s ]
SQL: SELECT * FROM `employ` LIMIT 1,1   [ RunTime:0.000339s ]
INFO: [ view_parse ] --START--
INFO: [ template_filter ] --START--
INFO: Run Behavior\ContentReplaceBehavior [ RunTime:0.000117s ]
INFO: [ template_filter ] --END-- [ RunTime:0.000253s ]
INFO: Run Behavior\ParseTemplateBehavior [ RunTime:0.010976s ]
INFO: [ view_parse ] --END-- [ RunTime:0.011107s ]
INFO: [ view_filter ] --START--
INFO: Run Behavior\WriteHtmlCacheBehavior [ RunTime:0.000474s ]
INFO: [ view_filter ] --END-- [ RunTime:0.000584s ]
INFO: [ app_end ] --START--
INFO: Run Behavior\ShowPageTraceBehavior [ RunTime:0.000738s ]
INFO: [ app_end ] --END-- [ RunTime:0.000852s ]

[ 2016-06-15T19:49:55+08:00 ] 127.0.0.1 /index.php/Home/Employ/careers/p/1.html
INFO: [ app_init ] --START--
INFO: Run Behavior\BuildLiteBehavior [ RunTime:0.000028s ]
INFO: [ app_init ] --END-- [ RunTime:0.000514s ]
INFO: [ app_begin ] --START--
INFO: Run Behavior\ReadHtmlCacheBehavior [ RunTime:0.000660s ]
INFO: [ app_begin ] --END-- [ RunTime:0.000786s ]
SQL: SHOW COLUMNS FROM `employ` [ RunTime:0.041550s ]
SQL: SELECT COUNT(*) AS tp_count FROM `employ` LIMIT 1   [ RunTime:0.000366s ]
SQL: SELECT * FROM `employ` LIMIT 0,1   [ RunTime:0.000436s ]
INFO: [ view_parse ] --START--
INFO: [ template_filter ] --START--
INFO: Run Behavior\ContentReplaceBehavior [ RunTime:0.000188s ]
INFO: [ template_filter ] --END-- [ RunTime:0.000407s ]
INFO: Run Behavior\ParseTemplateBehavior [ RunTime:0.012821s ]
INFO: [ view_parse ] --END-- [ RunTime:0.012993s ]
INFO: [ view_filter ] --START--
INFO: Run Behavior\WriteHtmlCacheBehavior [ RunTime:0.000542s ]
INFO: [ view_filter ] --END-- [ RunTime:0.000696s ]
INFO: [ app_end ] --START--
INFO: Run Behavior\ShowPageTraceBehavior [ RunTime:0.000821s ]
INFO: [ app_end ] --END-- [ RunTime:0.001004s ]

[ 2016-06-15T19:49:55+08:00 ] 127.0.0.1 /index.php/Home/Employ/careers/p/2.html
INFO: [ app_init ] --START--
INFO: Run Behavior\BuildLiteBehavior [ RunTime:0.000029s ]
INFO: [ app_init ] --END-- [ RunTime:0.000556s ]
INFO: [ app_begin ] --START--
INFO: Run Behavior\ReadHtmlCacheBehavior [ RunTime:0.000671s ]
INFO: [ app_begin ] --END-- [ RunTime:0.000816s ]
SQL: SHOW COLUMNS FROM `employ` [ RunTime:0.007112s ]
SQL: SELECT COUNT(*) AS tp_count FROM `employ` LIMIT 1   [ RunTime:0.000342s ]
SQL: SELECT * FROM `employ` LIMIT 1,1   [ RunTime:0.000599s ]
INFO: [ view_parse ] --START--
INFO: [ template_filter ] --START--
INFO: Run Behavior\ContentReplaceBehavior [ RunTime:0.000114s ]
INFO: [ template_filter ] --END-- [ RunTime:0.000243s ]
INFO: Run Behavior\ParseTemplateBehavior [ RunTime:0.009385s ]
INFO: [ view_parse ] --END-- [ RunTime:0.009531s ]
INFO: [ view_filter ] --START--
INFO: Run Behavior\WriteHtmlCacheBehavior [ RunTime:0.000431s ]
INFO: [ view_filter ] --END-- [ RunTime:0.000555s ]
INFO: [ app_end ] --START--
INFO: Run Behavior\ShowPageTraceBehavior [ RunTime:0.000687s ]
INFO: [ app_end ] --END-- [ RunTime:0.000804s ]

[ 2016-06-15T19:49:57+08:00 ] 127.0.0.1 /index.php/Home/Employ/careers/p/1.html
INFO: [ app_init ] --START--
INFO: Run Behavior\BuildLiteBehavior [ RunTime:0.000031s ]
INFO: [ app_init ] --END-- [ RunTime:0.000876s ]
INFO: [ app_begin ] --START--
INFO: Run Behavior\ReadHtmlCacheBehavior [ RunTime:0.000684s ]
INFO: [ app_begin ] --END-- [ RunTime:0.000810s ]
SQL: SHOW COLUMNS FROM `employ` [ RunTime:0.014224s ]
SQL: SELECT COUNT(*) AS tp_count FROM `employ` LIMIT 1   [ RunTime:0.000360s ]
SQL: SELECT * FROM `employ` LIMIT 0,1   [ RunTime:0.000441s ]
INFO: [ view_parse ] --START--
INFO: [ template_filter ] --START--
INFO: Run Behavior\ContentReplaceBehavior [ RunTime:0.000113s ]
INFO: [ template_filter ] --END-- [ RunTime:0.000236s ]
INFO: Run Behavior\ParseTemplateBehavior [ RunTime:0.011165s ]
INFO: [ view_parse ] --END-- [ RunTime:0.011324s ]
INFO: [ view_filter ] --START--
INFO: Run Behavior\WriteHtmlCacheBehavior [ RunTime:0.000469s ]
INFO: [ view_filter ] --END-- [ RunTime:0.000584s ]
INFO: [ app_end ] --START--
INFO: Run Behavior\ShowPageTraceBehavior [ RunTime:0.000721s ]
INFO: [ app_end ] --END-- [ RunTime:0.000838s ]

[ 2016-06-15T19:49:59+08:00 ] 127.0.0.1 /index.php/Home/Employ/careers/p/2.html
INFO: [ app_init ] --START--
INFO: Run Behavior\BuildLiteBehavior [ RunTime:0.000029s ]
INFO: [ app_init ] --END-- [ RunTime:0.000555s ]
INFO: [ app_begin ] --START--
INFO: Run Behavior\ReadHtmlCacheBehavior [ RunTime:0.000684s ]
INFO: [ app_begin ] --END-- [ RunTime:0.000809s ]
SQL: SHOW COLUMNS FROM `employ` [ RunTime:0.014282s ]
SQL: SELECT COUNT(*) AS tp_count FROM `employ` LIMIT 1   [ RunTime:0.000271s ]
SQL: SELECT * FROM `employ` LIMIT 1,1   [ RunTime:0.000481s ]
INFO: [ view_parse ] --START--
INFO: [ template_filter ] --START--
INFO: Run Behavior\ContentReplaceBehavior [ RunTime:0.000183s ]
INFO: [ template_filter ] --END-- [ RunTime:0.000397s ]
INFO: Run Behavior\ParseTemplateBehavior [ RunTime:0.009827s ]
INFO: [ view_parse ] --END-- [ RunTime:0.009956s ]
INFO: [ view_filter ] --START--
INFO: Run Behavior\WriteHtmlCacheBehavior [ RunTime:0.000411s ]
INFO: [ view_filter ] --END-- [ RunTime:0.000523s ]
INFO: [ app_end ] --START--
INFO: Run Behavior\ShowPageTraceBehavior [ RunTime:0.000643s ]
INFO: [ app_end ] --END-- [ RunTime:0.000760s ]

[ 2016-06-15T19:50:00+08:00 ] 127.0.0.1 /index.php/Home/Employ/careers/p/1.html
INFO: [ app_init ] --START--
INFO: Run Behavior\BuildLiteBehavior [ RunTime:0.000029s ]
INFO: [ app_init ] --END-- [ RunTime:0.000559s ]
INFO: [ app_begin ] --START--
INFO: Run Behavior\ReadHtmlCacheBehavior [ RunTime:0.000713s ]
INFO: [ app_begin ] --END-- [ RunTime:0.000881s ]
SQL: SHOW COLUMNS FROM `employ` [ RunTime:0.014618s ]
SQL: SELECT COUNT(*) AS tp_count FROM `employ` LIMIT 1   [ RunTime:0.000366s ]
SQL: SELECT * FROM `employ` LIMIT 0,1   [ RunTime:0.000429s ]
INFO: [ view_parse ] --START--
INFO: [ template_filter ] --START--
INFO: Run Behavior\ContentReplaceBehavior [ RunTime:0.000116s ]
INFO: [ template_filter ] --END-- [ RunTime:0.000245s ]
INFO: Run Behavior\ParseTemplateBehavior [ RunTime:0.010348s ]
INFO: [ view_parse ] --END-- [ RunTime:0.010499s ]
INFO: [ view_filter ] --START--
INFO: Run Behavior\WriteHtmlCacheBehavior [ RunTime:0.000443s ]
INFO: [ view_filter ] --END-- [ RunTime:0.000558s ]
INFO: [ app_end ] --START--
INFO: Run Behavior\ShowPageTraceBehavior [ RunTime:0.000704s ]
INFO: [ app_end ] --END-- [ RunTime:0.000817s ]

[ 2016-06-15T19:51:14+08:00 ] 127.0.0.1 /index.php/Home/Product/product.html
INFO: [ app_init ] --START--
INFO: Run Behavior\BuildLiteBehavior [ RunTime:0.000030s ]
INFO: [ app_init ] --END-- [ RunTime:0.000547s ]
INFO: [ app_begin ] --START--
INFO: Run Behavior\ReadHtmlCacheBehavior [ RunTime:0.001249s ]
INFO: [ app_begin ] --END-- [ RunTime:0.001500s ]
SQL: SHOW COLUMNS FROM `goods` [ RunTime:0.022035s ]
SQL: SELECT a.id,a.logo,a.goods_td,a.goods_name,a.goods_msc,a.goods_desc,b.pic FROM goods a LEFT JOIN goods_pic b ON a.id=b.goods_id   [ RunTime:0.000431s ]
SQL: SELECT COUNT(*) AS tp_count FROM `goods` LIMIT 1   [ RunTime:0.000226s ]
SQL: SHOW COLUMNS FROM `goods_ms` [ RunTime:0.009965s ]
SQL: SELECT `cs`,`goods_asc` FROM `goods_ms`  [ RunTime:0.000484s ]
SQL: SHOW COLUMNS FROM `intro` [ RunTime:0.007109s ]
SQL: SELECT * FROM `intro`  [ RunTime:0.000287s ]
INFO: [ view_parse ] --START--
INFO: [ template_filter ] --START--
INFO: Run Behavior\ContentReplaceBehavior [ RunTime:0.000145s ]
INFO: [ template_filter ] --END-- [ RunTime:0.000278s ]
INFO: Run Behavior\ParseTemplateBehavior [ RunTime:0.040219s ]
INFO: [ view_parse ] --END-- [ RunTime:0.040354s ]
INFO: [ view_filter ] --START--
INFO: Run Behavior\WriteHtmlCacheBehavior [ RunTime:0.000412s ]
INFO: [ view_filter ] --END-- [ RunTime:0.000522s ]
INFO: [ app_end ] --START--
INFO: Run Behavior\ShowPageTraceBehavior [ RunTime:0.001562s ]
INFO: [ app_end ] --END-- [ RunTime:0.001852s ]

[ 2016-06-15T19:51:50+08:00 ] 127.0.0.1 /index.php/Home/Index/index.html
INFO: [ app_init ] --START--
INFO: Run Behavior\BuildLiteBehavior [ RunTime:0.000028s ]
INFO: [ app_init ] --END-- [ RunTime:0.000562s ]
INFO: [ app_begin ] --START--
INFO: Run Behavior\ReadHtmlCacheBehavior [ RunTime:0.003741s ]
INFO: [ app_begin ] --END-- [ RunTime:0.003965s ]
SQL: SHOW COLUMNS FROM `goods` [ RunTime:0.016545s ]
SQL: SHOW COLUMNS FROM `intro` [ RunTime:0.008303s ]
SQL: SELECT * FROM `goods`  [ RunTime:0.000791s ]
SQL: SELECT * FROM `intro`  [ RunTime:0.000419s ]
INFO: [ view_parse ] --START--
INFO: [ template_filter ] --START--
INFO: Run Behavior\ContentReplaceBehavior [ RunTime:0.000114s ]
INFO: [ template_filter ] --END-- [ RunTime:0.000262s ]
INFO: Run Behavior\ParseTemplateBehavior [ RunTime:0.028664s ]
INFO: [ view_parse ] --END-- [ RunTime:0.028866s ]
INFO: [ view_filter ] --START--
INFO: Run Behavior\WriteHtmlCacheBehavior [ RunTime:0.000729s ]
INFO: [ view_filter ] --END-- [ RunTime:0.000874s ]
INFO: [ app_end ] --START--
INFO: Run Behavior\ShowPageTraceBehavior [ RunTime:0.001895s ]
INFO: [ app_end ] --END-- [ RunTime:0.002097s ]

[ 2016-06-15T19:52:14+08:00 ] 127.0.0.1 /index.php/Home/Contact/contact.html
INFO: [ app_init ] --START--
INFO: Run Behavior\BuildLiteBehavior [ RunTime:0.000031s ]
INFO: [ app_init ] --END-- [ RunTime:0.000570s ]
INFO: [ app_begin ] --START--
INFO: Run Behavior\ReadHtmlCacheBehavior [ RunTime:0.000856s ]
INFO: [ app_begin ] --END-- [ RunTime:0.000997s ]
SQL: SHOW COLUMNS FROM `contact` [ RunTime:0.018769s ]
SQL: SELECT * FROM `contact`  [ RunTime:0.000307s ]
SQL: SHOW COLUMNS FROM `about` [ RunTime:0.007092s ]
SQL: SELECT * FROM `about`  [ RunTime:0.000479s ]
SQL: SHOW COLUMNS FROM `intro` [ RunTime:0.008180s ]
SQL: SELECT * FROM `intro`  [ RunTime:0.000448s ]
INFO: [ view_parse ] --START--
INFO: [ template_filter ] --START--
INFO: Run Behavior\ContentReplaceBehavior [ RunTime:0.000213s ]
INFO: [ template_filter ] --END-- [ RunTime:0.000458s ]
INFO: Run Behavior\ParseTemplateBehavior [ RunTime:0.035652s ]
INFO: [ view_parse ] --END-- [ RunTime:0.035864s ]
INFO: [ view_filter ] --START--
INFO: Run Behavior\WriteHtmlCacheBehavior [ RunTime:0.000653s ]
INFO: [ view_filter ] --END-- [ RunTime:0.000786s ]
INFO: [ app_end ] --START--
INFO: Run Behavior\ShowPageTraceBehavior [ RunTime:0.000911s ]
INFO: [ app_end ] --END-- [ RunTime:0.001037s ]

[ 2016-06-15T19:52:17+08:00 ] 127.0.0.1 /index.php/Home/Employ/careers.html
INFO: [ app_init ] --START--
INFO: Run Behavior\BuildLiteBehavior [ RunTime:0.000029s ]
INFO: [ app_init ] --END-- [ RunTime:0.000734s ]
INFO: [ app_begin ] --START--
INFO: Run Behavior\ReadHtmlCacheBehavior [ RunTime:0.000861s ]
INFO: [ app_begin ] --END-- [ RunTime:0.000999s ]
SQL: SHOW COLUMNS FROM `employ` [ RunTime:0.013127s ]
SQL: SELECT COUNT(*) AS tp_count FROM `employ` LIMIT 1   [ RunTime:0.000326s ]
SQL: SELECT * FROM `employ` LIMIT 0,1   [ RunTime:0.000426s ]
INFO: [ view_parse ] --START--
INFO: [ template_filter ] --START--
INFO: Run Behavior\ContentReplaceBehavior [ RunTime:0.000131s ]
INFO: [ template_filter ] --END-- [ RunTime:0.000283s ]
INFO: Run Behavior\ParseTemplateBehavior [ RunTime:0.011331s ]
INFO: [ view_parse ] --END-- [ RunTime:0.011491s ]
INFO: [ view_filter ] --START--
INFO: Run Behavior\WriteHtmlCacheBehavior [ RunTime:0.000665s ]
INFO: [ view_filter ] --END-- [ RunTime:0.000830s ]
INFO: [ app_end ] --START--
INFO: Run Behavior\ShowPageTraceBehavior [ RunTime:0.000870s ]
INFO: [ app_end ] --END-- [ RunTime:0.001028s ]

[ 2016-06-15T19:52:22+08:00 ] 127.0.0.1 /index.php/Home/News/news.html
INFO: [ app_init ] --START--
INFO: Run Behavior\BuildLiteBehavior [ RunTime:0.000029s ]
INFO: [ app_init ] --END-- [ RunTime:0.000557s ]
INFO: [ app_begin ] --START--
INFO: Run Behavior\ReadHtmlCacheBehavior [ RunTime:0.000879s ]
INFO: [ app_begin ] --END-- [ RunTime:0.001015s ]
SQL: SHOW COLUMNS FROM `news` [ RunTime:0.015550s ]
SQL: SELECT COUNT(*) AS tp_count FROM `news` LIMIT 1   [ RunTime:0.000389s ]
SQL: SELECT * FROM `news` LIMIT 0,4   [ RunTime:0.000454s ]
INFO: [ view_parse ] --START--
INFO: [ template_filter ] --START--
INFO: Run Behavior\ContentReplaceBehavior [ RunTime:0.000123s ]
INFO: [ template_filter ] --END-- [ RunTime:0.000275s ]
INFO: Run Behavior\ParseTemplateBehavior [ RunTime:0.011212s ]
INFO: [ view_parse ] --END-- [ RunTime:0.011358s ]
INFO: [ view_filter ] --START--
INFO: Run Behavior\WriteHtmlCacheBehavior [ RunTime:0.000649s ]
INFO: [ view_filter ] --END-- [ RunTime:0.000787s ]
INFO: [ app_end ] --START--
INFO: Run Behavior\ShowPageTraceBehavior [ RunTime:0.001670s ]
INFO: [ app_end ] --END-- [ RunTime:0.001949s ]

[ 2016-06-15T19:52:23+08:00 ] 127.0.0.1 /index.php/Home/News/newsview/id/1.html
INFO: [ app_init ] --START--
INFO: Run Behavior\BuildLiteBehavior [ RunTime:0.000041s ]
INFO: [ app_init ] --END-- [ RunTime:0.000776s ]
INFO: [ app_begin ] --START--
INFO: Run Behavior\ReadHtmlCacheBehavior [ RunTime:0.001249s ]
INFO: [ app_begin ] --END-- [ RunTime:0.001489s ]
SQL: SHOW COLUMNS FROM `news` [ RunTime:0.011802s ]
SQL: SELECT * FROM `news` WHERE `id` = 1 LIMIT 1   [ RunTime:0.000857s ]
INFO: [ view_parse ] --START--
INFO: [ template_filter ] --START--
INFO: Run Behavior\ContentReplaceBehavior [ RunTime:0.000123s ]
INFO: [ template_filter ] --END-- [ RunTime:0.000270s ]
INFO: Run Behavior\ParseTemplateBehavior [ RunTime:0.026338s ]
INFO: [ view_parse ] --END-- [ RunTime:0.026513s ]
INFO: [ view_filter ] --START--
INFO: Run Behavior\WriteHtmlCacheBehavior [ RunTime:0.000657s ]
INFO: [ view_filter ] --END-- [ RunTime:0.000792s ]
INFO: [ app_end ] --START--
INFO: Run Behavior\ShowPageTraceBehavior [ RunTime:0.000874s ]
INFO: [ app_end ] --END-- [ RunTime:0.000999s ]

[ 2016-06-15T19:52:26+08:00 ] 127.0.0.1 /index.php/Home/Contact/contact.html
INFO: [ app_init ] --START--
INFO: Run Behavior\BuildLiteBehavior [ RunTime:0.000030s ]
INFO: [ app_init ] --END-- [ RunTime:0.000556s ]
INFO: [ app_begin ] --START--
INFO: Run Behavior\ReadHtmlCacheBehavior [ RunTime:0.000848s ]
INFO: [ app_begin ] --END-- [ RunTime:0.000986s ]
SQL: SHOW COLUMNS FROM `contact` [ RunTime:0.041744s ]
SQL: SELECT * FROM `contact`  [ RunTime:0.000403s ]
SQL: SHOW COLUMNS FROM `about` [ RunTime:0.007241s ]
SQL: SELECT * FROM `about`  [ RunTime:0.000342s ]
SQL: SHOW COLUMNS FROM `intro` [ RunTime:0.009511s ]
SQL: SELECT * FROM `intro`  [ RunTime:0.000482s ]
INFO: [ view_parse ] --START--
INFO: [ template_filter ] --START--
INFO: Run Behavior\ContentReplaceBehavior [ RunTime:0.000132s ]
INFO: [ template_filter ] --END-- [ RunTime:0.000287s ]
INFO: Run Behavior\ParseTemplateBehavior [ RunTime:0.011378s ]
INFO: [ view_parse ] --END-- [ RunTime:0.011575s ]
INFO: [ view_filter ] --START--
INFO: Run Behavior\WriteHtmlCacheBehavior [ RunTime:0.000653s ]
INFO: [ view_filter ] --END-- [ RunTime:0.000779s ]
INFO: [ app_end ] --START--
INFO: Run Behavior\ShowPageTraceBehavior [ RunTime:0.000830s ]
INFO: [ app_end ] --END-- [ RunTime:0.000984s ]

[ 2016-06-15T19:52:33+08:00 ] 127.0.0.1 /index.php/Home/Employ/careers.html
INFO: [ app_init ] --START--
INFO: Run Behavior\BuildLiteBehavior [ RunTime:0.000027s ]
INFO: [ app_init ] --END-- [ RunTime:0.000542s ]
INFO: [ app_begin ] --START--
INFO: Run Behavior\ReadHtmlCacheBehavior [ RunTime:0.000845s ]
INFO: [ app_begin ] --END-- [ RunTime:0.000979s ]
SQL: SHOW COLUMNS FROM `employ` [ RunTime:0.074513s ]
SQL: SELECT COUNT(*) AS tp_count FROM `employ` LIMIT 1   [ RunTime:0.000280s ]
SQL: SELECT * FROM `employ` LIMIT 0,1   [ RunTime:0.000399s ]
INFO: [ view_parse ] --START--
INFO: [ template_filter ] --START--
INFO: Run Behavior\ContentReplaceBehavior [ RunTime:0.000132s ]
INFO: [ template_filter ] --END-- [ RunTime:0.000277s ]
INFO: Run Behavior\ParseTemplateBehavior [ RunTime:0.010095s ]
INFO: [ view_parse ] --END-- [ RunTime:0.010250s ]
INFO: [ view_filter ] --START--
INFO: Run Behavior\WriteHtmlCacheBehavior [ RunTime:0.001028s ]
INFO: [ view_filter ] --END-- [ RunTime:0.001227s ]
INFO: [ app_end ] --START--
INFO: Run Behavior\ShowPageTraceBehavior [ RunTime:0.000966s ]
INFO: [ app_end ] --END-- [ RunTime:0.001138s ]

[ 2016-06-15T19:52:36+08:00 ] 127.0.0.1 /index.php/Home/News/news.html
INFO: [ app_init ] --START--
INFO: Run Behavior\BuildLiteBehavior [ RunTime:0.000031s ]
INFO: [ app_init ] --END-- [ RunTime:0.000555s ]
INFO: [ app_begin ] --START--
INFO: Run Behavior\ReadHtmlCacheBehavior [ RunTime:0.001752s ]
INFO: [ app_begin ] --END-- [ RunTime:0.001989s ]
SQL: SHOW COLUMNS FROM `news` [ RunTime:0.017016s ]
SQL: SELECT COUNT(*) AS tp_count FROM `news` LIMIT 1   [ RunTime:0.000368s ]
SQL: SELECT * FROM `news` LIMIT 0,4   [ RunTime:0.000794s ]
INFO: [ view_parse ] --START--
INFO: [ template_filter ] --START--
INFO: Run Behavior\ContentReplaceBehavior [ RunTime:0.000120s ]
INFO: [ template_filter ] --END-- [ RunTime:0.000271s ]
INFO: Run Behavior\ParseTemplateBehavior [ RunTime:0.010800s ]
INFO: [ view_parse ] --END-- [ RunTime:0.010978s ]
INFO: [ view_filter ] --START--
INFO: Run Behavior\WriteHtmlCacheBehavior [ RunTime:0.000647s ]
INFO: [ view_filter ] --END-- [ RunTime:0.000776s ]
INFO: [ app_end ] --START--
INFO: Run Behavior\ShowPageTraceBehavior [ RunTime:0.001641s ]
INFO: [ app_end ] --END-- [ RunTime:0.001882s ]

[ 2016-06-15T19:52:38+08:00 ] 127.0.0.1 /index.php/Home/News/newsview/id/2.html
INFO: [ app_init ] --START--
INFO: Run Behavior\BuildLiteBehavior [ RunTime:0.000028s ]
INFO: [ app_init ] --END-- [ RunTime:0.000579s ]
INFO: [ app_begin ] --START--
INFO: Run Behavior\ReadHtmlCacheBehavior [ RunTime:0.000875s ]
INFO: [ app_begin ] --END-- [ RunTime:0.001017s ]
SQL: SHOW COLUMNS FROM `news` [ RunTime:0.010677s ]
SQL: SELECT * FROM `news` WHERE `id` = 2 LIMIT 1   [ RunTime:0.000518s ]
INFO: [ view_parse ] --START--
INFO: [ template_filter ] --START--
INFO: Run Behavior\ContentReplaceBehavior [ RunTime:0.000119s ]
INFO: [ template_filter ] --END-- [ RunTime:0.000270s ]
INFO: Run Behavior\ParseTemplateBehavior [ RunTime:0.010258s ]
INFO: [ view_parse ] --END-- [ RunTime:0.010473s ]
INFO: [ view_filter ] --START--
INFO: Run Behavior\WriteHtmlCacheBehavior [ RunTime:0.000618s ]
INFO: [ view_filter ] --END-- [ RunTime:0.000748s ]
INFO: [ app_end ] --START--
INFO: Run Behavior\ShowPageTraceBehavior [ RunTime:0.001273s ]
INFO: [ app_end ] --END-- [ RunTime:0.001476s ]

[ 2016-06-15T19:52:40+08:00 ] 127.0.0.1 /index.php/Home/Product/product.html
INFO: [ app_init ] --START--
INFO: Run Behavior\BuildLiteBehavior [ RunTime:0.000053s ]
INFO: [ app_init ] --END-- [ RunTime:0.000976s ]
INFO: [ app_begin ] --START--
INFO: Run Behavior\ReadHtmlCacheBehavior [ RunTime:0.000937s ]
INFO: [ app_begin ] --END-- [ RunTime:0.001081s ]
SQL: SHOW COLUMNS FROM `goods` [ RunTime:0.019234s ]
SQL: SELECT a.id,a.logo,a.goods_td,a.goods_name,a.goods_msc,a.goods_desc,b.pic FROM goods a LEFT JOIN goods_pic b ON a.id=b.goods_id   [ RunTime:0.000822s ]
SQL: SELECT COUNT(*) AS tp_count FROM `goods` LIMIT 1   [ RunTime:0.000409s ]
SQL: SHOW COLUMNS FROM `goods_ms` [ RunTime:0.009383s ]
SQL: SELECT `cs`,`goods_asc` FROM `goods_ms`  [ RunTime:0.000360s ]
SQL: SHOW COLUMNS FROM `intro` [ RunTime:0.010299s ]
SQL: SELECT * FROM `intro`  [ RunTime:0.000438s ]
INFO: [ view_parse ] --START--
INFO: [ template_filter ] --START--
INFO: Run Behavior\ContentReplaceBehavior [ RunTime:0.000166s ]
INFO: [ template_filter ] --END-- [ RunTime:0.000317s ]
INFO: Run Behavior\ParseTemplateBehavior [ RunTime:0.013811s ]
INFO: [ view_parse ] --END-- [ RunTime:0.014006s ]
INFO: [ view_filter ] --START--
INFO: Run Behavior\WriteHtmlCacheBehavior [ RunTime:0.000753s ]
INFO: [ view_filter ] --END-- [ RunTime:0.000886s ]
INFO: [ app_end ] --START--
INFO: Run Behavior\ShowPageTraceBehavior [ RunTime:0.001610s ]
INFO: [ app_end ] --END-- [ RunTime:0.001848s ]

[ 2016-06-15T19:52:41+08:00 ] 127.0.0.1 /index.php/Home/Index/index.html
INFO: [ app_init ] --START--
INFO: Run Behavior\BuildLiteBehavior [ RunTime:0.000027s ]
INFO: [ app_init ] --END-- [ RunTime:0.000537s ]
INFO: [ app_begin ] --START--
INFO: Run Behavior\ReadHtmlCacheBehavior [ RunTime:0.001263s ]
INFO: [ app_begin ] --END-- [ RunTime:0.001492s ]
SQL: SHOW COLUMNS FROM `goods` [ RunTime:0.097834s ]
SQL: SHOW COLUMNS FROM `intro` [ RunTime:0.140358s ]
SQL: SELECT * FROM `goods`  [ RunTime:0.000459s ]
SQL: SELECT * FROM `intro`  [ RunTime:0.000260s ]
INFO: [ view_parse ] --START--
INFO: [ template_filter ] --START--
INFO: Run Behavior\ContentReplaceBehavior [ RunTime:0.000119s ]
INFO: [ template_filter ] --END-- [ RunTime:0.000271s ]
INFO: Run Behavior\ParseTemplateBehavior [ RunTime:0.010784s ]
INFO: [ view_parse ] --END-- [ RunTime:0.010936s ]
INFO: [ view_filter ] --START--
INFO: Run Behavior\WriteHtmlCacheBehavior [ RunTime:0.000783s ]
INFO: [ view_filter ] --END-- [ RunTime:0.000915s ]
INFO: [ app_end ] --START--
INFO: Run Behavior\ShowPageTraceBehavior [ RunTime:0.000890s ]
INFO: [ app_end ] --END-- [ RunTime:0.001011s ]

[ 2016-06-15T19:52:43+08:00 ] 127.0.0.1 /index.php/Home/Product/product.html
INFO: [ app_init ] --START--
INFO: Run Behavior\BuildLiteBehavior [ RunTime:0.000028s ]
INFO: [ app_init ] --END-- [ RunTime:0.000593s ]
INFO: [ app_begin ] --START--
INFO: Run Behavior\ReadHtmlCacheBehavior [ RunTime:0.001022s ]
INFO: [ app_begin ] --END-- [ RunTime:0.001227s ]
SQL: SHOW COLUMNS FROM `goods` [ RunTime:0.041652s ]
SQL: SELECT a.id,a.logo,a.goods_td,a.goods_name,a.goods_msc,a.goods_desc,b.pic FROM goods a LEFT JOIN goods_pic b ON a.id=b.goods_id   [ RunTime:0.000415s ]
SQL: SELECT COUNT(*) AS tp_count FROM `goods` LIMIT 1   [ RunTime:0.000212s ]
SQL: SHOW COLUMNS FROM `goods_ms` [ RunTime:0.009887s ]
SQL: SELECT `cs`,`goods_asc` FROM `goods_ms`  [ RunTime:0.000306s ]
SQL: SHOW COLUMNS FROM `intro` [ RunTime:0.008628s ]
SQL: SELECT * FROM `intro`  [ RunTime:0.000570s ]
INFO: [ view_parse ] --START--
INFO: [ template_filter ] --START--
INFO: Run Behavior\ContentReplaceBehavior [ RunTime:0.000165s ]
INFO: [ template_filter ] --END-- [ RunTime:0.000313s ]
INFO: Run Behavior\ParseTemplateBehavior [ RunTime:0.012801s ]
INFO: [ view_parse ] --END-- [ RunTime:0.013016s ]
INFO: [ view_filter ] --START--
INFO: Run Behavior\WriteHtmlCacheBehavior [ RunTime:0.000937s ]
INFO: [ view_filter ] --END-- [ RunTime:0.001126s ]
INFO: [ app_end ] --START--
INFO: Run Behavior\ShowPageTraceBehavior [ RunTime:0.001576s ]
INFO: [ app_end ] --END-- [ RunTime:0.001809s ]

[ 2016-06-15T19:53:12+08:00 ] 127.0.0.1 /index.php/Home/Employ/careers.html
INFO: [ app_init ] --START--
INFO: Run Behavior\BuildLiteBehavior [ RunTime:0.000325s ]
INFO: [ app_init ] --END-- [ RunTime:0.001668s ]
INFO: [ app_begin ] --START--
INFO: Run Behavior\ReadHtmlCacheBehavior [ RunTime:0.000941s ]
INFO: [ app_begin ] --END-- [ RunTime:0.001087s ]
SQL: SHOW COLUMNS FROM `employ` [ RunTime:0.017078s ]
SQL: SELECT COUNT(*) AS tp_count FROM `employ` LIMIT 1   [ RunTime:0.000261s ]
SQL: SELECT * FROM `employ` LIMIT 0,1   [ RunTime:0.000533s ]
INFO: [ view_parse ] --START--
INFO: [ template_filter ] --START--
INFO: Run Behavior\ContentReplaceBehavior [ RunTime:0.000172s ]
INFO: [ template_filter ] --END-- [ RunTime:0.000374s ]
INFO: Run Behavior\ParseTemplateBehavior [ RunTime:0.014176s ]
INFO: [ view_parse ] --END-- [ RunTime:0.014373s ]
INFO: [ view_filter ] --START--
INFO: Run Behavior\WriteHtmlCacheBehavior [ RunTime:0.000743s ]
INFO: [ view_filter ] --END-- [ RunTime:0.000875s ]
INFO: [ app_end ] --START--
INFO: Run Behavior\ShowPageTraceBehavior [ RunTime:0.000870s ]
INFO: [ app_end ] --END-- [ RunTime:0.001006s ]

[ 2016-06-15T19:53:14+08:00 ] 127.0.0.1 /index.php/Home/Contact/contact.html
INFO: [ app_init ] --START--
INFO: Run Behavior\BuildLiteBehavior [ RunTime:0.000028s ]
INFO: [ app_init ] --END-- [ RunTime:0.000555s ]
INFO: [ app_begin ] --START--
INFO: Run Behavior\ReadHtmlCacheBehavior [ RunTime:0.000873s ]
INFO: [ app_begin ] --END-- [ RunTime:0.001009s ]
SQL: SHOW COLUMNS FROM `contact` [ RunTime:0.011681s ]
SQL: SELECT * FROM `contact`  [ RunTime:0.000302s ]
SQL: SHOW COLUMNS FROM `about` [ RunTime:0.009477s ]
SQL: SELECT * FROM `about`  [ RunTime:0.000772s ]
SQL: SHOW COLUMNS FROM `intro` [ RunTime:0.007816s ]
SQL: SELECT * FROM `intro`  [ RunTime:0.000337s ]
INFO: [ view_parse ] --START--
INFO: [ template_filter ] --START--
INFO: Run Behavior\ContentReplaceBehavior [ RunTime:0.000138s ]
INFO: [ template_filter ] --END-- [ RunTime:0.000297s ]
INFO: Run Behavior\ParseTemplateBehavior [ RunTime:0.011273s ]
INFO: [ view_parse ] --END-- [ RunTime:0.011433s ]
INFO: [ view_filter ] --START--
INFO: Run Behavior\WriteHtmlCacheBehavior [ RunTime:0.000653s ]
INFO: [ view_filter ] --END-- [ RunTime:0.000779s ]
INFO: [ app_end ] --START--
INFO: Run Behavior\ShowPageTraceBehavior [ RunTime:0.000875s ]
INFO: [ app_end ] --END-- [ RunTime:0.001001s ]

[ 2016-06-15T19:53:17+08:00 ] 127.0.0.1 /index.php/Home/News/news.html
INFO: [ app_init ] --START--
INFO: Run Behavior\BuildLiteBehavior [ RunTime:0.000031s ]
INFO: [ app_init ] --END-- [ RunTime:0.000608s ]
INFO: [ app_begin ] --START--
INFO: Run Behavior\ReadHtmlCacheBehavior [ RunTime:0.001095s ]
INFO: [ app_begin ] --END-- [ RunTime:0.001280s ]
SQL: SHOW COLUMNS FROM `news` [ RunTime:0.017469s ]
SQL: SELECT COUNT(*) AS tp_count FROM `news` LIMIT 1   [ RunTime:0.000418s ]
SQL: SELECT * FROM `news` LIMIT 0,4   [ RunTime:0.000663s ]
INFO: [ view_parse ] --START--
INFO: [ template_filter ] --START--
INFO: Run Behavior\ContentReplaceBehavior [ RunTime:0.000121s ]
INFO: [ template_filter ] --END-- [ RunTime:0.000266s ]
INFO: Run Behavior\ParseTemplateBehavior [ RunTime:0.011940s ]
INFO: [ view_parse ] --END-- [ RunTime:0.012135s ]
INFO: [ view_filter ] --START--
INFO: Run Behavior\WriteHtmlCacheBehavior [ RunTime:0.000741s ]
INFO: [ view_filter ] --END-- [ RunTime:0.000870s ]
INFO: [ app_end ] --START--
INFO: Run Behavior\ShowPageTraceBehavior [ RunTime:0.001526s ]
INFO: [ app_end ] --END-- [ RunTime:0.001794s ]

[ 2016-06-15T19:53:18+08:00 ] 127.0.0.1 /index.php/Home/Employ/careers.html
INFO: [ app_init ] --START--
INFO: Run Behavior\BuildLiteBehavior [ RunTime:0.000062s ]
INFO: [ app_init ] --END-- [ RunTime:0.000679s ]
INFO: [ app_begin ] --START--
INFO: Run Behavior\ReadHtmlCacheBehavior [ RunTime:0.000920s ]
INFO: [ app_begin ] --END-- [ RunTime:0.001068s ]
SQL: SHOW COLUMNS FROM `employ` [ RunTime:0.013488s ]
SQL: SELECT COUNT(*) AS tp_count FROM `employ` LIMIT 1   [ RunTime:0.000342s ]
SQL: SELECT * FROM `employ` LIMIT 0,1   [ RunTime:0.000586s ]
INFO: [ view_parse ] --START--
INFO: [ template_filter ] --START--
INFO: Run Behavior\ContentReplaceBehavior [ RunTime:0.000129s ]
INFO: [ template_filter ] --END-- [ RunTime:0.000279s ]
INFO: Run Behavior\ParseTemplateBehavior [ RunTime:0.012049s ]
INFO: [ view_parse ] --END-- [ RunTime:0.012222s ]
INFO: [ view_filter ] --START--
INFO: Run Behavior\WriteHtmlCacheBehavior [ RunTime:0.000792s ]
INFO: [ view_filter ] --END-- [ RunTime:0.000921s ]
INFO: [ app_end ] --START--
INFO: Run Behavior\ShowPageTraceBehavior [ RunTime:0.001480s ]
INFO: [ app_end ] --END-- [ RunTime:0.001672s ]

[ 2016-06-15T19:53:20+08:00 ] 127.0.0.1 /index.php/Home/Contact/contact.html
INFO: [ app_init ] --START--
INFO: Run Behavior\BuildLiteBehavior [ RunTime:0.000029s ]
INFO: [ app_init ] --END-- [ RunTime:0.000564s ]
INFO: [ app_begin ] --START--
INFO: Run Behavior\ReadHtmlCacheBehavior [ RunTime:0.000860s ]
INFO: [ app_begin ] --END-- [ RunTime:0.001001s ]
SQL: SHOW COLUMNS FROM `contact` [ RunTime:0.013638s ]
SQL: SELECT * FROM `contact`  [ RunTime:0.000486s ]
SQL: SHOW COLUMNS FROM `about` [ RunTime:0.008033s ]
SQL: SELECT * FROM `about`  [ RunTime:0.000421s ]
SQL: SHOW COLUMNS FROM `intro` [ RunTime:0.007492s ]
SQL: SELECT * FROM `intro`  [ RunTime:0.000312s ]
INFO: [ view_parse ] --START--
INFO: [ template_filter ] --START--
INFO: Run Behavior\ContentReplaceBehavior [ RunTime:0.000131s ]
INFO: [ template_filter ] --END-- [ RunTime:0.000280s ]
INFO: Run Behavior\ParseTemplateBehavior [ RunTime:0.010792s ]
INFO: [ view_parse ] --END-- [ RunTime:0.010941s ]
INFO: [ view_filter ] --START--
INFO: Run Behavior\WriteHtmlCacheBehavior [ RunTime:0.000721s ]
INFO: [ view_filter ] --END-- [ RunTime:0.000845s ]
INFO: [ app_end ] --START--
INFO: Run Behavior\ShowPageTraceBehavior [ RunTime:0.000848s ]
INFO: [ app_end ] --END-- [ RunTime:0.000971s ]

[ 2016-06-15T19:53:21+08:00 ] 127.0.0.1 /index.php/Home/Employ/careers.html
INFO: [ app_init ] --START--
INFO: Run Behavior\BuildLiteBehavior [ RunTime:0.000030s ]
INFO: [ app_init ] --END-- [ RunTime:0.000575s ]
INFO: [ app_begin ] --START--
INFO: Run Behavior\ReadHtmlCacheBehavior [ RunTime:0.000893s ]
INFO: [ app_begin ] --END-- [ RunTime:0.001034s ]
SQL: SHOW COLUMNS FROM `employ` [ RunTime:0.039707s ]
SQL: SELECT COUNT(*) AS tp_count FROM `employ` LIMIT 1   [ RunTime:0.000496s ]
SQL: SELECT * FROM `employ` LIMIT 0,1   [ RunTime:0.000412s ]
INFO: [ view_parse ] --START--
INFO: [ template_filter ] --START--
INFO: Run Behavior\ContentReplaceBehavior [ RunTime:0.000125s ]
INFO: [ template_filter ] --END-- [ RunTime:0.000275s ]
INFO: Run Behavior\ParseTemplateBehavior [ RunTime:0.010019s ]
INFO: [ view_parse ] --END-- [ RunTime:0.010168s ]
INFO: [ view_filter ] --START--
INFO: Run Behavior\WriteHtmlCacheBehavior [ RunTime:0.000645s ]
INFO: [ view_filter ] --END-- [ RunTime:0.000780s ]
INFO: [ app_end ] --START--
INFO: Run Behavior\ShowPageTraceBehavior [ RunTime:0.000895s ]
INFO: [ app_end ] --END-- [ RunTime:0.001017s ]

[ 2016-06-15T19:53:25+08:00 ] 127.0.0.1 /index.php/Home/Employ/careers/p/2.html
INFO: [ app_init ] --START--
INFO: Run Behavior\BuildLiteBehavior [ RunTime:0.000028s ]
INFO: [ app_init ] --END-- [ RunTime:0.000544s ]
INFO: [ app_begin ] --START--
INFO: Run Behavior\ReadHtmlCacheBehavior [ RunTime:0.002001s ]
INFO: [ app_begin ] --END-- [ RunTime:0.002486s ]
SQL: SHOW COLUMNS FROM `employ` [ RunTime:0.017190s ]
SQL: SELECT COUNT(*) AS tp_count FROM `employ` LIMIT 1   [ RunTime:0.000429s ]
SQL: SELECT * FROM `employ` LIMIT 1,1   [ RunTime:0.000540s ]
INFO: [ view_parse ] --START--
INFO: [ template_filter ] --START--
INFO: Run Behavior\ContentReplaceBehavior [ RunTime:0.000132s ]
INFO: [ template_filter ] --END-- [ RunTime:0.000280s ]
INFO: Run Behavior\ParseTemplateBehavior [ RunTime:0.010137s ]
INFO: [ view_parse ] --END-- [ RunTime:0.010288s ]
INFO: [ view_filter ] --START--
INFO: Run Behavior\WriteHtmlCacheBehavior [ RunTime:0.001010s ]
INFO: [ view_filter ] --END-- [ RunTime:0.001203s ]
INFO: [ app_end ] --START--
INFO: Run Behavior\ShowPageTraceBehavior [ RunTime:0.001045s ]
INFO: [ app_end ] --END-- [ RunTime:0.001223s ]

[ 2016-06-15T19:53:28+08:00 ] 127.0.0.1 /index.php/Home/Employ/careers/p/1.html
INFO: [ app_init ] --START--
INFO: Run Behavior\BuildLiteBehavior [ RunTime:0.000030s ]
INFO: [ app_init ] --END-- [ RunTime:0.000570s ]
INFO: [ app_begin ] --START--
INFO: Run Behavior\ReadHtmlCacheBehavior [ RunTime:0.000874s ]
INFO: [ app_begin ] --END-- [ RunTime:0.001010s ]
SQL: SHOW COLUMNS FROM `employ` [ RunTime:0.017653s ]
SQL: SELECT COUNT(*) AS tp_count FROM `employ` LIMIT 1   [ RunTime:0.000300s ]
SQL: SELECT * FROM `employ` LIMIT 0,1   [ RunTime:0.000364s ]
INFO: [ view_parse ] --START--
INFO: [ template_filter ] --START--
INFO: Run Behavior\ContentReplaceBehavior [ RunTime:0.000132s ]
INFO: [ template_filter ] --END-- [ RunTime:0.000284s ]
INFO: Run Behavior\ParseTemplateBehavior [ RunTime:0.011461s ]
INFO: [ view_parse ] --END-- [ RunTime:0.011621s ]
INFO: [ view_filter ] --START--
INFO: Run Behavior\WriteHtmlCacheBehavior [ RunTime:0.000656s ]
INFO: [ view_filter ] --END-- [ RunTime:0.000785s ]
INFO: [ app_end ] --START--
INFO: Run Behavior\ShowPageTraceBehavior [ RunTime:0.000882s ]
INFO: [ app_end ] --END-- [ RunTime:0.001006s ]

[ 2016-06-15T19:53:31+08:00 ] 127.0.0.1 /index.php/Home/Employ/careers/p/2.html
INFO: [ app_init ] --START--
INFO: Run Behavior\BuildLiteBehavior [ RunTime:0.000051s ]
INFO: [ app_init ] --END-- [ RunTime:0.000944s ]
INFO: [ app_begin ] --START--
INFO: Run Behavior\ReadHtmlCacheBehavior [ RunTime:0.000936s ]
INFO: [ app_begin ] --END-- [ RunTime:0.001112s ]
SQL: SHOW COLUMNS FROM `employ` [ RunTime:0.016694s ]
SQL: SELECT COUNT(*) AS tp_count FROM `employ` LIMIT 1   [ RunTime:0.000310s ]
SQL: SELECT * FROM `employ` LIMIT 1,1   [ RunTime:0.000396s ]
INFO: [ view_parse ] --START--
INFO: [ template_filter ] --START--
INFO: Run Behavior\ContentReplaceBehavior [ RunTime:0.000130s ]
INFO: [ template_filter ] --END-- [ RunTime:0.000278s ]
INFO: Run Behavior\ParseTemplateBehavior [ RunTime:0.011592s ]
INFO: [ view_parse ] --END-- [ RunTime:0.011742s ]
INFO: [ view_filter ] --START--
INFO: Run Behavior\WriteHtmlCacheBehavior [ RunTime:0.000624s ]
INFO: [ view_filter ] --END-- [ RunTime:0.000753s ]
INFO: [ app_end ] --START--
INFO: Run Behavior\ShowPageTraceBehavior [ RunTime:0.001466s ]
INFO: [ app_end ] --END-- [ RunTime:0.001685s ]

[ 2016-06-15T19:53:33+08:00 ] 127.0.0.1 /index.php/Home/Employ/careers/p/1.html
INFO: [ app_init ] --START--
INFO: Run Behavior\BuildLiteBehavior [ RunTime:0.000028s ]
INFO: [ app_init ] --END-- [ RunTime:0.000563s ]
INFO: [ app_begin ] --START--
INFO: Run Behavior\ReadHtmlCacheBehavior [ RunTime:0.000920s ]
INFO: [ app_begin ] --END-- [ RunTime:0.001066s ]
SQL: SHOW COLUMNS FROM `employ` [ RunTime:0.076452s ]
SQL: SELECT COUNT(*) AS tp_count FROM `employ` LIMIT 1   [ RunTime:0.000274s ]
SQL: SELECT * FROM `employ` LIMIT 0,1   [ RunTime:0.000322s ]
INFO: [ view_parse ] --START--
INFO: [ template_filter ] --START--
INFO: Run Behavior\ContentReplaceBehavior [ RunTime:0.000132s ]
INFO: [ template_filter ] --END-- [ RunTime:0.000286s ]
INFO: Run Behavior\ParseTemplateBehavior [ RunTime:0.010761s ]
INFO: [ view_parse ] --END-- [ RunTime:0.010909s ]
INFO: [ view_filter ] --START--
INFO: Run Behavior\WriteHtmlCacheBehavior [ RunTime:0.001067s ]
INFO: [ view_filter ] --END-- [ RunTime:0.001209s ]
INFO: [ app_end ] --START--
INFO: Run Behavior\ShowPageTraceBehavior [ RunTime:0.000970s ]
INFO: [ app_end ] --END-- [ RunTime:0.001099s ]

[ 2016-06-15T19:53:38+08:00 ] 127.0.0.1 /index.php/Home/Employ/careers/p/2.html
INFO: [ app_init ] --START--
INFO: Run Behavior\BuildLiteBehavior [ RunTime:0.000029s ]
INFO: [ app_init ] --END-- [ RunTime:0.000580s ]
INFO: [ app_begin ] --START--
INFO: Run Behavior\ReadHtmlCacheBehavior [ RunTime:0.000871s ]
INFO: [ app_begin ] --END-- [ RunTime:0.001007s ]
SQL: SHOW COLUMNS FROM `employ` [ RunTime:0.014463s ]
SQL: SELECT COUNT(*) AS tp_count FROM `employ` LIMIT 1   [ RunTime:0.000507s ]
SQL: SELECT * FROM `employ` LIMIT 1,1   [ RunTime:0.001303s ]
INFO: [ view_parse ] --START--
INFO: [ template_filter ] --START--
INFO: Run Behavior\ContentReplaceBehavior [ RunTime:0.000131s ]
INFO: [ template_filter ] --END-- [ RunTime:0.000284s ]
INFO: Run Behavior\ParseTemplateBehavior [ RunTime:0.010084s ]
INFO: [ view_parse ] --END-- [ RunTime:0.010238s ]
INFO: [ view_filter ] --START--
INFO: Run Behavior\WriteHtmlCacheBehavior [ RunTime:0.000647s ]
INFO: [ view_filter ] --END-- [ RunTime:0.000777s ]
INFO: [ app_end ] --START--
INFO: Run Behavior\ShowPageTraceBehavior [ RunTime:0.000881s ]
INFO: [ app_end ] --END-- [ RunTime:0.001007s ]

[ 2016-06-15T19:54:43+08:00 ] 127.0.0.1 /index.php/Home/Employ/careers/p/2.html
INFO: [ app_init ] --START--
INFO: Run Behavior\BuildLiteBehavior [ RunTime:0.000055s ]
INFO: [ app_init ] --END-- [ RunTime:0.000976s ]
INFO: [ app_begin ] --START--
INFO: Run Behavior\ReadHtmlCacheBehavior [ RunTime:0.001161s ]
INFO: [ app_begin ] --END-- [ RunTime:0.001327s ]
SQL: SHOW COLUMNS FROM `employ` [ RunTime:0.010891s ]
SQL: SELECT COUNT(*) AS tp_count FROM `employ` LIMIT 1   [ RunTime:0.000273s ]
SQL: SELECT * FROM `employ` LIMIT 1,1   [ RunTime:0.000505s ]
INFO: [ view_parse ] --START--
INFO: [ template_filter ] --START--
INFO: Run Behavior\ContentReplaceBehavior [ RunTime:0.000120s ]
INFO: [ template_filter ] --END-- [ RunTime:0.000259s ]
INFO: Run Behavior\ParseTemplateBehavior [ RunTime:0.010453s ]
INFO: [ view_parse ] --END-- [ RunTime:0.010648s ]
INFO: [ view_filter ] --START--
INFO: Run Behavior\WriteHtmlCacheBehavior [ RunTime:0.000650s ]
INFO: [ view_filter ] --END-- [ RunTime:0.000769s ]
INFO: [ app_end ] --START--
INFO: Run Behavior\ShowPageTraceBehavior [ RunTime:0.000888s ]
INFO: [ app_end ] --END-- [ RunTime:0.001024s ]

[ 2016-06-15T19:54:46+08:00 ] 127.0.0.1 /index.php/Home/Employ/careers/p/1.html
INFO: [ app_init ] --START--
INFO: Run Behavior\BuildLiteBehavior [ RunTime:0.000030s ]
INFO: [ app_init ] --END-- [ RunTime:0.000647s ]
INFO: [ app_begin ] --START--
INFO: Run Behavior\ReadHtmlCacheBehavior [ RunTime:0.000891s ]
INFO: [ app_begin ] --END-- [ RunTime:0.001014s ]
SQL: SHOW COLUMNS FROM `employ` [ RunTime:0.014327s ]
SQL: SELECT COUNT(*) AS tp_count FROM `employ` LIMIT 1   [ RunTime:0.000400s ]
SQL: SELECT * FROM `employ` LIMIT 0,1   [ RunTime:0.000418s ]
INFO: [ view_parse ] --START--
INFO: [ template_filter ] --START--
INFO: Run Behavior\ContentReplaceBehavior [ RunTime:0.000208s ]
INFO: [ template_filter ] --END-- [ RunTime:0.000483s ]
INFO: Run Behavior\ParseTemplateBehavior [ RunTime:0.011214s ]
INFO: [ view_parse ] --END-- [ RunTime:0.011355s ]
INFO: [ view_filter ] --START--
INFO: Run Behavior\WriteHtmlCacheBehavior [ RunTime:0.000703s ]
INFO: [ view_filter ] --END-- [ RunTime:0.000827s ]
INFO: [ app_end ] --START--
INFO: Run Behavior\ShowPageTraceBehavior [ RunTime:0.000900s ]
INFO: [ app_end ] --END-- [ RunTime:0.001016s ]

[ 2016-06-15T19:54:49+08:00 ] 127.0.0.1 /index.php/Home/Employ/careers/p/2.html
INFO: [ app_init ] --START--
INFO: Run Behavior\BuildLiteBehavior [ RunTime:0.000030s ]
INFO: [ app_init ] --END-- [ RunTime:0.000554s ]
INFO: [ app_begin ] --START--
INFO: Run Behavior\ReadHtmlCacheBehavior [ RunTime:0.002268s ]
INFO: [ app_begin ] --END-- [ RunTime:0.002424s ]
SQL: SHOW COLUMNS FROM `employ` [ RunTime:0.014205s ]
SQL: SELECT COUNT(*) AS tp_count FROM `employ` LIMIT 1   [ RunTime:0.000273s ]
SQL: SELECT * FROM `employ` LIMIT 1,1   [ RunTime:0.000336s ]
INFO: [ view_parse ] --START--
INFO: [ template_filter ] --START--
INFO: Run Behavior\ContentReplaceBehavior [ RunTime:0.000122s ]
INFO: [ template_filter ] --END-- [ RunTime:0.000278s ]
INFO: Run Behavior\ParseTemplateBehavior [ RunTime:0.011281s ]
INFO: [ view_parse ] --END-- [ RunTime:0.011418s ]
INFO: [ view_filter ] --START--
INFO: Run Behavior\WriteHtmlCacheBehavior [ RunTime:0.000610s ]
INFO: [ view_filter ] --END-- [ RunTime:0.000735s ]
INFO: [ app_end ] --START--
INFO: Run Behavior\ShowPageTraceBehavior [ RunTime:0.000891s ]
INFO: [ app_end ] --END-- [ RunTime:0.001009s ]

[ 2016-06-15T19:54:53+08:00 ] 127.0.0.1 /index.php/Home/Employ/careers/p/1.html
INFO: [ app_init ] --START--
INFO: Run Behavior\BuildLiteBehavior [ RunTime:0.000033s ]
INFO: [ app_init ] --END-- [ RunTime:0.000717s ]
INFO: [ app_begin ] --START--
INFO: Run Behavior\ReadHtmlCacheBehavior [ RunTime:0.000888s ]
INFO: [ app_begin ] --END-- [ RunTime:0.001014s ]
SQL: SHOW COLUMNS FROM `employ` [ RunTime:0.014021s ]
SQL: SELECT COUNT(*) AS tp_count FROM `employ` LIMIT 1   [ RunTime:0.000360s ]
SQL: SELECT * FROM `employ` LIMIT 0,1   [ RunTime:0.000381s ]
INFO: [ view_parse ] --START--
INFO: [ template_filter ] --START--
INFO: Run Behavior\ContentReplaceBehavior [ RunTime:0.000121s ]
INFO: [ template_filter ] --END-- [ RunTime:0.000264s ]
INFO: Run Behavior\ParseTemplateBehavior [ RunTime:0.011972s ]
INFO: [ view_parse ] --END-- [ RunTime:0.012132s ]
INFO: [ view_filter ] --START--
INFO: Run Behavior\WriteHtmlCacheBehavior [ RunTime:0.000988s ]
INFO: [ view_filter ] --END-- [ RunTime:0.001174s ]
INFO: [ app_end ] --START--
INFO: Run Behavior\ShowPageTraceBehavior [ RunTime:0.001101s ]
INFO: [ app_end ] --END-- [ RunTime:0.001264s ]

[ 2016-06-15T19:54:56+08:00 ] 127.0.0.1 /index.php/Home/Employ/careers/p/2.html
INFO: [ app_init ] --START--
INFO: Run Behavior\BuildLiteBehavior [ RunTime:0.000029s ]
INFO: [ app_init ] --END-- [ RunTime:0.000612s ]
INFO: [ app_begin ] --START--
INFO: Run Behavior\ReadHtmlCacheBehavior [ RunTime:0.000863s ]
INFO: [ app_begin ] --END-- [ RunTime:0.000990s ]
SQL: SHOW COLUMNS FROM `employ` [ RunTime:0.017821s ]
SQL: SELECT COUNT(*) AS tp_count FROM `employ` LIMIT 1   [ RunTime:0.000273s ]
SQL: SELECT * FROM `employ` LIMIT 1,1   [ RunTime:0.000566s ]
INFO: [ view_parse ] --START--
INFO: [ template_filter ] --START--
INFO: Run Behavior\ContentReplaceBehavior [ RunTime:0.000123s ]
INFO: [ template_filter ] --END-- [ RunTime:0.000271s ]
INFO: Run Behavior\ParseTemplateBehavior [ RunTime:0.010558s ]
INFO: [ view_parse ] --END-- [ RunTime:0.010731s ]
INFO: [ view_filter ] --START--
INFO: Run Behavior\WriteHtmlCacheBehavior [ RunTime:0.000657s ]
INFO: [ view_filter ] --END-- [ RunTime:0.000775s ]
INFO: [ app_end ] --START--
INFO: Run Behavior\ShowPageTraceBehavior [ RunTime:0.000883s ]
INFO: [ app_end ] --END-- [ RunTime:0.000996s ]

[ 2016-06-15T19:55:07+08:00 ] 127.0.0.1 /index.php/Home/Index/index.html
INFO: [ app_init ] --START--
INFO: Run Behavior\BuildLiteBehavior [ RunTime:0.000044s ]
INFO: [ app_init ] --END-- [ RunTime:0.000637s ]
INFO: [ app_begin ] --START--
INFO: Run Behavior\ReadHtmlCacheBehavior [ RunTime:0.000898s ]
INFO: [ app_begin ] --END-- [ RunTime:0.001022s ]
SQL: SHOW COLUMNS FROM `goods` [ RunTime:0.012649s ]
SQL: SHOW COLUMNS FROM `intro` [ RunTime:0.007060s ]
SQL: SELECT * FROM `goods`  [ RunTime:0.000374s ]
SQL: SELECT * FROM `intro`  [ RunTime:0.000226s ]
INFO: [ view_parse ] --START--
INFO: [ template_filter ] --START--
INFO: Run Behavior\ContentReplaceBehavior [ RunTime:0.000151s ]
INFO: [ template_filter ] --END-- [ RunTime:0.000327s ]
INFO: Run Behavior\ParseTemplateBehavior [ RunTime:0.014053s ]
INFO: [ view_parse ] --END-- [ RunTime:0.014240s ]
INFO: [ view_filter ] --START--
INFO: Run Behavior\WriteHtmlCacheBehavior [ RunTime:0.001096s ]
INFO: [ view_filter ] --END-- [ RunTime:0.001261s ]
INFO: [ app_end ] --START--
INFO: Run Behavior\ShowPageTraceBehavior [ RunTime:0.000932s ]
INFO: [ app_end ] --END-- [ RunTime:0.001048s ]

[ 2016-06-15T19:55:12+08:00 ] 127.0.0.1 /index.php/Home/Product/product.html
INFO: [ app_init ] --START--
INFO: Run Behavior\BuildLiteBehavior [ RunTime:0.000029s ]
INFO: [ app_init ] --END-- [ RunTime:0.000611s ]
INFO: [ app_begin ] --START--
INFO: Run Behavior\ReadHtmlCacheBehavior [ RunTime:0.000868s ]
INFO: [ app_begin ] --END-- [ RunTime:0.000990s ]
SQL: SHOW COLUMNS FROM `goods` [ RunTime:0.009873s ]
SQL: SELECT a.id,a.logo,a.goods_td,a.goods_name,a.goods_msc,a.goods_desc,b.pic FROM goods a LEFT JOIN goods_pic b ON a.id=b.goods_id   [ RunTime:0.000479s ]
SQL: SELECT COUNT(*) AS tp_count FROM `goods` LIMIT 1   [ RunTime:0.000207s ]
SQL: SHOW COLUMNS FROM `goods_ms` [ RunTime:0.008453s ]
SQL: SELECT `cs`,`goods_asc` FROM `goods_ms`  [ RunTime:0.000313s ]
SQL: SHOW COLUMNS FROM `intro` [ RunTime:0.007539s ]
SQL: SELECT * FROM `intro`  [ RunTime:0.000295s ]
INFO: [ view_parse ] --START--
INFO: [ template_filter ] --START--
INFO: Run Behavior\ContentReplaceBehavior [ RunTime:0.000153s ]
INFO: [ template_filter ] --END-- [ RunTime:0.000296s ]
INFO: Run Behavior\ParseTemplateBehavior [ RunTime:0.012979s ]
INFO: [ view_parse ] --END-- [ RunTime:0.013137s ]
INFO: [ view_filter ] --START--
INFO: Run Behavior\WriteHtmlCacheBehavior [ RunTime:0.000735s ]
INFO: [ view_filter ] --END-- [ RunTime:0.000856s ]
INFO: [ app_end ] --START--
INFO: Run Behavior\ShowPageTraceBehavior [ RunTime:0.001698s ]
INFO: [ app_end ] --END-- [ RunTime:0.001958s ]

[ 2016-06-15T19:55:16+08:00 ] 127.0.0.1 /index.php/Home/Index/index.html
INFO: [ app_init ] --START--
INFO: Run Behavior\BuildLiteBehavior [ RunTime:0.000028s ]
INFO: [ app_init ] --END-- [ RunTime:0.000548s ]
INFO: [ app_begin ] --START--
INFO: Run Behavior\ReadHtmlCacheBehavior [ RunTime:0.000906s ]
INFO: [ app_begin ] --END-- [ RunTime:0.001030s ]
SQL: SHOW COLUMNS FROM `goods` [ RunTime:0.012403s ]
SQL: SHOW COLUMNS FROM `intro` [ RunTime:0.011875s ]
SQL: SELECT * FROM `goods`  [ RunTime:0.000481s ]
SQL: SELECT * FROM `intro`  [ RunTime:0.000303s ]
INFO: [ view_parse ] --START--
INFO: [ template_filter ] --START--
INFO: Run Behavior\ContentReplaceBehavior [ RunTime:0.000116s ]
INFO: [ template_filter ] --END-- [ RunTime:0.000262s ]
INFO: Run Behavior\ParseTemplateBehavior [ RunTime:0.012153s ]
INFO: [ view_parse ] --END-- [ RunTime:0.012338s ]
INFO: [ view_filter ] --START--
INFO: Run Behavior\WriteHtmlCacheBehavior [ RunTime:0.000633s ]
INFO: [ view_filter ] --END-- [ RunTime:0.000753s ]
INFO: [ app_end ] --START--
INFO: Run Behavior\ShowPageTraceBehavior [ RunTime:0.001342s ]
INFO: [ app_end ] --END-- [ RunTime:0.001534s ]

[ 2016-06-15T19:56:15+08:00 ] 127.0.0.1 /index.php/Home/Product/product.html
INFO: [ app_init ] --START--
INFO: Run Behavior\BuildLiteBehavior [ RunTime:0.000057s ]
INFO: [ app_init ] --END-- [ RunTime:0.000728s ]
INFO: [ app_begin ] --START--
INFO: Run Behavior\ReadHtmlCacheBehavior [ RunTime:0.000955s ]
INFO: [ app_begin ] --END-- [ RunTime:0.001084s ]
SQL: SHOW COLUMNS FROM `goods` [ RunTime:0.016739s ]
SQL: SELECT a.id,a.logo,a.goods_td,a.goods_name,a.goods_msc,a.goods_desc,b.pic FROM goods a LEFT JOIN goods_pic b ON a.id=b.goods_id   [ RunTime:0.000720s ]
SQL: SELECT COUNT(*) AS tp_count FROM `goods` LIMIT 1   [ RunTime:0.000723s ]
SQL: SHOW COLUMNS FROM `goods_ms` [ RunTime:0.008303s ]
SQL: SELECT `cs`,`goods_asc` FROM `goods_ms`  [ RunTime:0.000282s ]
SQL: SHOW COLUMNS FROM `intro` [ RunTime:0.008310s ]
SQL: SELECT * FROM `intro`  [ RunTime:0.000310s ]
INFO: [ view_parse ] --START--
INFO: [ template_filter ] --START--
INFO: Run Behavior\ContentReplaceBehavior [ RunTime:0.000159s ]
INFO: [ template_filter ] --END-- [ RunTime:0.000301s ]
INFO: Run Behavior\ParseTemplateBehavior [ RunTime:0.011324s ]
INFO: [ view_parse ] --END-- [ RunTime:0.011462s ]
INFO: [ view_filter ] --START--
INFO: Run Behavior\WriteHtmlCacheBehavior [ RunTime:0.000828s ]
INFO: [ view_filter ] --END-- [ RunTime:0.001018s ]
INFO: [ app_end ] --START--
INFO: Run Behavior\ShowPageTraceBehavior [ RunTime:0.001829s ]
INFO: [ app_end ] --END-- [ RunTime:0.002104s ]

[ 2016-06-15T20:03:36+08:00 ] 127.0.0.1 /index.php/Home/News/news.html
INFO: [ app_init ] --START--
INFO: Run Behavior\BuildLiteBehavior [ RunTime:0.000030s ]
INFO: [ app_init ] --END-- [ RunTime:0.000624s ]
INFO: [ app_begin ] --START--
INFO: Run Behavior\ReadHtmlCacheBehavior [ RunTime:0.000970s ]
INFO: [ app_begin ] --END-- [ RunTime:0.001136s ]
SQL: SHOW COLUMNS FROM `news` [ RunTime:0.019118s ]
SQL: SELECT COUNT(*) AS tp_count FROM `news` LIMIT 1   [ RunTime:0.000394s ]
SQL: SELECT * FROM `news` LIMIT 0,4   [ RunTime:0.000452s ]
INFO: [ view_parse ] --START--
INFO: [ template_filter ] --START--
INFO: Run Behavior\ContentReplaceBehavior [ RunTime:0.000114s ]
INFO: [ template_filter ] --END-- [ RunTime:0.000263s ]
INFO: Run Behavior\ParseTemplateBehavior [ RunTime:0.012609s ]
INFO: [ view_parse ] --END-- [ RunTime:0.012783s ]
INFO: [ view_filter ] --START--
INFO: Run Behavior\WriteHtmlCacheBehavior [ RunTime:0.001179s ]
INFO: [ view_filter ] --END-- [ RunTime:0.001382s ]
INFO: [ app_end ] --START--
INFO: Run Behavior\ShowPageTraceBehavior [ RunTime:0.001701s ]
INFO: [ app_end ] --END-- [ RunTime:0.001968s ]

[ 2016-06-15T20:03:39+08:00 ] 127.0.0.1 /index.php/Home/News/newsview/id/1.html
INFO: [ app_init ] --START--
INFO: Run Behavior\BuildLiteBehavior [ RunTime:0.000028s ]
INFO: [ app_init ] --END-- [ RunTime:0.000558s ]
INFO: [ app_begin ] --START--
INFO: Run Behavior\ReadHtmlCacheBehavior [ RunTime:0.000913s ]
INFO: [ app_begin ] --END-- [ RunTime:0.001054s ]
SQL: SHOW COLUMNS FROM `news` [ RunTime:0.054462s ]
SQL: SELECT * FROM `news` WHERE `id` = 1 LIMIT 1   [ RunTime:0.000681s ]
INFO: [ view_parse ] --START--
INFO: [ template_filter ] --START--
INFO: Run Behavior\ContentReplaceBehavior [ RunTime:0.000149s ]
INFO: [ template_filter ] --END-- [ RunTime:0.000348s ]
INFO: Run Behavior\ParseTemplateBehavior [ RunTime:0.011150s ]
INFO: [ view_parse ] --END-- [ RunTime:0.011352s ]
INFO: [ view_filter ] --START--
INFO: Run Behavior\WriteHtmlCacheBehavior [ RunTime:0.000969s ]
INFO: [ view_filter ] --END-- [ RunTime:0.001189s ]
INFO: [ app_end ] --START--
INFO: Run Behavior\ShowPageTraceBehavior [ RunTime:0.001411s ]
INFO: [ app_end ] --END-- [ RunTime:0.001635s ]

[ 2016-06-15T20:31:35+08:00 ] 127.0.0.1 /index.php/Home/News/news.html
INFO: [ app_init ] --START--
INFO: Run Behavior\BuildLiteBehavior [ RunTime:0.000032s ]
INFO: [ app_init ] --END-- [ RunTime:0.000567s ]
INFO: [ app_begin ] --START--
INFO: Run Behavior\ReadHtmlCacheBehavior [ RunTime:0.000826s ]
INFO: [ app_begin ] --END-- [ RunTime:0.000971s ]
SQL: SHOW COLUMNS FROM `news` [ RunTime:0.017008s ]
SQL: SELECT COUNT(*) AS tp_count FROM `news` LIMIT 1   [ RunTime:0.000296s ]
SQL: SELECT * FROM `news` LIMIT 0,4   [ RunTime:0.000419s ]
INFO: [ view_parse ] --START--
INFO: [ template_filter ] --START--
INFO: Run Behavior\ContentReplaceBehavior [ RunTime:0.000122s ]
INFO: [ template_filter ] --END-- [ RunTime:0.000337s ]
INFO: Run Behavior\ParseTemplateBehavior [ RunTime:0.031649s ]
INFO: [ view_parse ] --END-- [ RunTime:0.031783s ]
INFO: [ view_filter ] --START--
INFO: Run Behavior\WriteHtmlCacheBehavior [ RunTime:0.000494s ]
INFO: [ view_filter ] --END-- [ RunTime:0.000612s ]
INFO: [ app_end ] --START--
INFO: Run Behavior\ShowPageTraceBehavior [ RunTime:0.001359s ]
INFO: [ app_end ] --END-- [ RunTime:0.001631s ]

[ 2016-06-15T20:31:37+08:00 ] 127.0.0.1 /index.php/Home/News/newsview/id/2.html
INFO: [ app_init ] --START--
INFO: Run Behavior\BuildLiteBehavior [ RunTime:0.000030s ]
INFO: [ app_init ] --END-- [ RunTime:0.000518s ]
INFO: [ app_begin ] --START--
INFO: Run Behavior\ReadHtmlCacheBehavior [ RunTime:0.002616s ]
INFO: [ app_begin ] --END-- [ RunTime:0.002838s ]
SQL: SHOW COLUMNS FROM `news` [ RunTime:0.016489s ]
SQL: SELECT * FROM `news` WHERE `id` = 2 LIMIT 1   [ RunTime:0.000351s ]
INFO: [ view_parse ] --START--
INFO: [ template_filter ] --START--
INFO: Run Behavior\ContentReplaceBehavior [ RunTime:0.000114s ]
INFO: [ template_filter ] --END-- [ RunTime:0.000254s ]
INFO: Run Behavior\ParseTemplateBehavior [ RunTime:0.031856s ]
INFO: [ view_parse ] --END-- [ RunTime:0.032062s ]
INFO: [ view_filter ] --START--
INFO: Run Behavior\WriteHtmlCacheBehavior [ RunTime:0.000450s ]
INFO: [ view_filter ] --END-- [ RunTime:0.000580s ]
INFO: [ app_end ] --START--
INFO: Run Behavior\ShowPageTraceBehavior [ RunTime:0.000662s ]
INFO: [ app_end ] --END-- [ RunTime:0.000788s ]

[ 2016-06-15T20:31:38+08:00 ] 127.0.0.1 /index.php/Home/News/news/p/1.html
INFO: [ app_init ] --START--
INFO: Run Behavior\BuildLiteBehavior [ RunTime:0.000028s ]
INFO: [ app_init ] --END-- [ RunTime:0.000519s ]
INFO: [ app_begin ] --START--
INFO: Run Behavior\ReadHtmlCacheBehavior [ RunTime:0.000690s ]
INFO: [ app_begin ] --END-- [ RunTime:0.000836s ]
SQL: SHOW COLUMNS FROM `news` [ RunTime:0.050893s ]
SQL: SELECT COUNT(*) AS tp_count FROM `news` LIMIT 1   [ RunTime:0.000429s ]
SQL: SELECT * FROM `news` LIMIT 0,4   [ RunTime:0.000512s ]
INFO: [ view_parse ] --START--
INFO: [ template_filter ] --START--
INFO: Run Behavior\ContentReplaceBehavior [ RunTime:0.000125s ]
INFO: [ template_filter ] --END-- [ RunTime:0.000270s ]
INFO: Run Behavior\ParseTemplateBehavior [ RunTime:0.012963s ]
INFO: [ view_parse ] --END-- [ RunTime:0.013160s ]
INFO: [ view_filter ] --START--
INFO: Run Behavior\WriteHtmlCacheBehavior [ RunTime:0.000430s ]
INFO: [ view_filter ] --END-- [ RunTime:0.000561s ]
INFO: [ app_end ] --START--
INFO: Run Behavior\ShowPageTraceBehavior [ RunTime:0.001100s ]
INFO: [ app_end ] --END-- [ RunTime:0.001349s ]

[ 2016-06-15T20:31:40+08:00 ] 127.0.0.1 /index.php/Home/News/news/p/2.html
INFO: [ app_init ] --START--
INFO: Run Behavior\BuildLiteBehavior [ RunTime:0.000028s ]
INFO: [ app_init ] --END-- [ RunTime:0.000505s ]
INFO: [ app_begin ] --START--
INFO: Run Behavior\ReadHtmlCacheBehavior [ RunTime:0.000674s ]
INFO: [ app_begin ] --END-- [ RunTime:0.000814s ]
SQL: SHOW COLUMNS FROM `news` [ RunTime:0.018026s ]
SQL: SELECT COUNT(*) AS tp_count FROM `news` LIMIT 1   [ RunTime:0.000310s ]
SQL: SELECT * FROM `news` LIMIT 4,4   [ RunTime:0.000404s ]
INFO: [ view_parse ] --START--
INFO: [ template_filter ] --START--
INFO: Run Behavior\ContentReplaceBehavior [ RunTime:0.000118s ]
INFO: [ template_filter ] --END-- [ RunTime:0.000256s ]
INFO: Run Behavior\ParseTemplateBehavior [ RunTime:0.011379s ]
INFO: [ view_parse ] --END-- [ RunTime:0.011568s ]
INFO: [ view_filter ] --START--
INFO: Run Behavior\WriteHtmlCacheBehavior [ RunTime:0.000453s ]
INFO: [ view_filter ] --END-- [ RunTime:0.000581s ]
INFO: [ app_end ] --START--
INFO: Run Behavior\ShowPageTraceBehavior [ RunTime:0.001072s ]
INFO: [ app_end ] --END-- [ RunTime:0.001323s ]

[ 2016-06-15T20:31:42+08:00 ] 127.0.0.1 /index.php/Home/News/news/p/3.html
INFO: [ app_init ] --START--
INFO: Run Behavior\BuildLiteBehavior [ RunTime:0.000031s ]
INFO: [ app_init ] --END-- [ RunTime:0.000748s ]
INFO: [ app_begin ] --START--
INFO: Run Behavior\ReadHtmlCacheBehavior [ RunTime:0.000695s ]
INFO: [ app_begin ] --END-- [ RunTime:0.000837s ]
SQL: SHOW COLUMNS FROM `news` [ RunTime:0.029563s ]
SQL: SELECT COUNT(*) AS tp_count FROM `news` LIMIT 1   [ RunTime:0.000264s ]
SQL: SELECT * FROM `news` LIMIT 8,4   [ RunTime:0.000348s ]
INFO: [ view_parse ] --START--
INFO: [ template_filter ] --START--
INFO: Run Behavior\ContentReplaceBehavior [ RunTime:0.000123s ]
INFO: [ template_filter ] --END-- [ RunTime:0.000264s ]
INFO: Run Behavior\ParseTemplateBehavior [ RunTime:0.011366s ]
INFO: [ view_parse ] --END-- [ RunTime:0.011535s ]
INFO: [ view_filter ] --START--
INFO: Run Behavior\WriteHtmlCacheBehavior [ RunTime:0.000435s ]
INFO: [ view_filter ] --END-- [ RunTime:0.000561s ]
INFO: [ app_end ] --START--
INFO: Run Behavior\ShowPageTraceBehavior [ RunTime:0.001098s ]
INFO: [ app_end ] --END-- [ RunTime:0.001319s ]

[ 2016-06-15T20:31:43+08:00 ] 127.0.0.1 /index.php/Home/News/news/p/2.html
INFO: [ app_init ] --START--
INFO: Run Behavior\BuildLiteBehavior [ RunTime:0.000028s ]
INFO: [ app_init ] --END-- [ RunTime:0.000519s ]
INFO: [ app_begin ] --START--
INFO: Run Behavior\ReadHtmlCacheBehavior [ RunTime:0.000715s ]
INFO: [ app_begin ] --END-- [ RunTime:0.000860s ]
SQL: SHOW COLUMNS FROM `news` [ RunTime:0.014801s ]
SQL: SELECT COUNT(*) AS tp_count FROM `news` LIMIT 1   [ RunTime:0.000343s ]
SQL: SELECT * FROM `news` LIMIT 4,4   [ RunTime:0.000582s ]
INFO: [ view_parse ] --START--
INFO: [ template_filter ] --START--
INFO: Run Behavior\ContentReplaceBehavior [ RunTime:0.000122s ]
INFO: [ template_filter ] --END-- [ RunTime:0.000263s ]
INFO: Run Behavior\ParseTemplateBehavior [ RunTime:0.011781s ]
INFO: [ view_parse ] --END-- [ RunTime:0.011929s ]
INFO: [ view_filter ] --START--
INFO: Run Behavior\WriteHtmlCacheBehavior [ RunTime:0.000419s ]
INFO: [ view_filter ] --END-- [ RunTime:0.000545s ]
INFO: [ app_end ] --START--
INFO: Run Behavior\ShowPageTraceBehavior [ RunTime:0.001025s ]
INFO: [ app_end ] --END-- [ RunTime:0.001263s ]

[ 2016-06-15T20:31:44+08:00 ] 127.0.0.1 /index.php/Home/News/news/p/1.html
INFO: [ app_init ] --START--
INFO: Run Behavior\BuildLiteBehavior [ RunTime:0.000030s ]
INFO: [ app_init ] --END-- [ RunTime:0.000518s ]
INFO: [ app_begin ] --START--
INFO: Run Behavior\ReadHtmlCacheBehavior [ RunTime:0.000687s ]
INFO: [ app_begin ] --END-- [ RunTime:0.000830s ]
SQL: SHOW COLUMNS FROM `news` [ RunTime:0.015702s ]
SQL: SELECT COUNT(*) AS tp_count FROM `news` LIMIT 1   [ RunTime:0.000430s ]
SQL: SELECT * FROM `news` LIMIT 0,4   [ RunTime:0.000488s ]
INFO: [ view_parse ] --START--
INFO: [ template_filter ] --START--
INFO: Run Behavior\ContentReplaceBehavior [ RunTime:0.000151s ]
INFO: [ template_filter ] --END-- [ RunTime:0.000328s ]
INFO: Run Behavior\ParseTemplateBehavior [ RunTime:0.012052s ]
INFO: [ view_parse ] --END-- [ RunTime:0.012260s ]
INFO: [ view_filter ] --START--
INFO: Run Behavior\WriteHtmlCacheBehavior [ RunTime:0.000513s ]
INFO: [ view_filter ] --END-- [ RunTime:0.000642s ]
INFO: [ app_end ] --START--
INFO: Run Behavior\ShowPageTraceBehavior [ RunTime:0.001123s ]
INFO: [ app_end ] --END-- [ RunTime:0.001374s ]

[ 2016-06-15T20:31:59+08:00 ] 127.0.0.1 /index.php/Home/Product/product.html
INFO: [ app_init ] --START--
INFO: Run Behavior\BuildLiteBehavior [ RunTime:0.000027s ]
INFO: [ app_init ] --END-- [ RunTime:0.000505s ]
INFO: [ app_begin ] --START--
INFO: Run Behavior\ReadHtmlCacheBehavior [ RunTime:0.000879s ]
INFO: [ app_begin ] --END-- [ RunTime:0.001087s ]
SQL: SHOW COLUMNS FROM `goods` [ RunTime:0.030633s ]
SQL: SELECT a.id,a.logo,a.goods_td,a.goods_name,a.goods_msc,a.goods_desc,b.pic FROM goods a LEFT JOIN goods_pic b ON a.id=b.goods_id   [ RunTime:0.000793s ]
SQL: SELECT COUNT(*) AS tp_count FROM `goods` LIMIT 1   [ RunTime:0.000253s ]
SQL: SHOW COLUMNS FROM `goods_ms` [ RunTime:0.008486s ]
SQL: SELECT `cs`,`goods_asc` FROM `goods_ms`  [ RunTime:0.000291s ]
SQL: SHOW COLUMNS FROM `intro` [ RunTime:0.008988s ]
SQL: SELECT * FROM `intro`  [ RunTime:0.000306s ]
INFO: [ view_parse ] --START--
INFO: [ template_filter ] --START--
INFO: Run Behavior\ContentReplaceBehavior [ RunTime:0.000155s ]
INFO: [ template_filter ] --END-- [ RunTime:0.000289s ]
INFO: Run Behavior\ParseTemplateBehavior [ RunTime:0.011895s ]
INFO: [ view_parse ] --END-- [ RunTime:0.012042s ]
INFO: [ view_filter ] --START--
INFO: Run Behavior\WriteHtmlCacheBehavior [ RunTime:0.000424s ]
INFO: [ view_filter ] --END-- [ RunTime:0.000557s ]
INFO: [ app_end ] --START--
INFO: Run Behavior\ShowPageTraceBehavior [ RunTime:0.001349s ]
INFO: [ app_end ] --END-- [ RunTime:0.001634s ]

[ 2016-06-15T20:32:00+08:00 ] 127.0.0.1 /index.php/Home/News/news.html
INFO: [ app_init ] --START--
INFO: Run Behavior\BuildLiteBehavior [ RunTime:0.000030s ]
INFO: [ app_init ] --END-- [ RunTime:0.000512s ]
INFO: [ app_begin ] --START--
INFO: Run Behavior\ReadHtmlCacheBehavior [ RunTime:0.000909s ]
INFO: [ app_begin ] --END-- [ RunTime:0.001110s ]
SQL: SHOW COLUMNS FROM `news` [ RunTime:0.041970s ]
SQL: SELECT COUNT(*) AS tp_count FROM `news` LIMIT 1   [ RunTime:0.000259s ]
SQL: SELECT * FROM `news` LIMIT 0,4   [ RunTime:0.000455s ]
INFO: [ view_parse ] --START--
INFO: [ template_filter ] --START--
INFO: Run Behavior\ContentReplaceBehavior [ RunTime:0.000124s ]
INFO: [ template_filter ] --END-- [ RunTime:0.000265s ]
INFO: Run Behavior\ParseTemplateBehavior [ RunTime:0.011068s ]
INFO: [ view_parse ] --END-- [ RunTime:0.011216s ]
INFO: [ view_filter ] --START--
INFO: Run Behavior\WriteHtmlCacheBehavior [ RunTime:0.000420s ]
INFO: [ view_filter ] --END-- [ RunTime:0.000548s ]
INFO: [ app_end ] --START--
INFO: Run Behavior\ShowPageTraceBehavior [ RunTime:0.001220s ]
INFO: [ app_end ] --END-- [ RunTime:0.001571s ]

[ 2016-06-15T20:32:02+08:00 ] 127.0.0.1 /index.php/Home/Employ/careers.html
INFO: [ app_init ] --START--
INFO: Run Behavior\BuildLiteBehavior [ RunTime:0.000029s ]
INFO: [ app_init ] --END-- [ RunTime:0.000534s ]
INFO: [ app_begin ] --START--
INFO: Run Behavior\ReadHtmlCacheBehavior [ RunTime:0.000712s ]
INFO: [ app_begin ] --END-- [ RunTime:0.000855s ]
SQL: SHOW COLUMNS FROM `employ` [ RunTime:0.012797s ]
SQL: SELECT COUNT(*) AS tp_count FROM `employ` LIMIT 1   [ RunTime:0.000264s ]
SQL: SELECT * FROM `employ` LIMIT 0,1   [ RunTime:0.000320s ]
INFO: [ view_parse ] --START--
INFO: [ template_filter ] --START--
INFO: Run Behavior\ContentReplaceBehavior [ RunTime:0.000141s ]
INFO: [ template_filter ] --END-- [ RunTime:0.000303s ]
INFO: Run Behavior\ParseTemplateBehavior [ RunTime:0.026945s ]
INFO: [ view_parse ] --END-- [ RunTime:0.027100s ]
INFO: [ view_filter ] --START--
INFO: Run Behavior\WriteHtmlCacheBehavior [ RunTime:0.000863s ]
INFO: [ view_filter ] --END-- [ RunTime:0.001054s ]
INFO: [ app_end ] --START--
INFO: Run Behavior\ShowPageTraceBehavior [ RunTime:0.000736s ]
INFO: [ app_end ] --END-- [ RunTime:0.000863s ]

[ 2016-06-15T20:32:09+08:00 ] 127.0.0.1 /index.php/Home/Employ/careers/p/2.html
INFO: [ app_init ] --START--
INFO: Run Behavior\BuildLiteBehavior [ RunTime:0.000028s ]
INFO: [ app_init ] --END-- [ RunTime:0.000510s ]
INFO: [ app_begin ] --START--
INFO: Run Behavior\ReadHtmlCacheBehavior [ RunTime:0.000680s ]
INFO: [ app_begin ] --END-- [ RunTime:0.000829s ]
SQL: SHOW COLUMNS FROM `employ` [ RunTime:0.012833s ]
SQL: SELECT COUNT(*) AS tp_count FROM `employ` LIMIT 1   [ RunTime:0.000275s ]
SQL: SELECT * FROM `employ` LIMIT 1,1   [ RunTime:0.000328s ]
INFO: [ view_parse ] --START--
INFO: [ template_filter ] --START--
INFO: Run Behavior\ContentReplaceBehavior [ RunTime:0.000133s ]
INFO: [ template_filter ] --END-- [ RunTime:0.000278s ]
INFO: Run Behavior\ParseTemplateBehavior [ RunTime:0.011283s ]
INFO: [ view_parse ] --END-- [ RunTime:0.011433s ]
INFO: [ view_filter ] --START--
INFO: Run Behavior\WriteHtmlCacheBehavior [ RunTime:0.000449s ]
INFO: [ view_filter ] --END-- [ RunTime:0.000574s ]
INFO: [ app_end ] --START--
INFO: Run Behavior\ShowPageTraceBehavior [ RunTime:0.000658s ]
INFO: [ app_end ] --END-- [ RunTime:0.000781s ]

[ 2016-06-15T20:32:11+08:00 ] 127.0.0.1 /index.php/Home/Employ/careers/p/1.html
INFO: [ app_init ] --START--
INFO: Run Behavior\BuildLiteBehavior [ RunTime:0.000029s ]
INFO: [ app_init ] --END-- [ RunTime:0.000561s ]
INFO: [ app_begin ] --START--
INFO: Run Behavior\ReadHtmlCacheBehavior [ RunTime:0.000683s ]
INFO: [ app_begin ] --END-- [ RunTime:0.000826s ]
SQL: SHOW COLUMNS FROM `employ` [ RunTime:0.011884s ]
SQL: SELECT COUNT(*) AS tp_count FROM `employ` LIMIT 1   [ RunTime:0.000382s ]
SQL: SELECT * FROM `employ` LIMIT 0,1   [ RunTime:0.000356s ]
INFO: [ view_parse ] --START--
INFO: [ template_filter ] --START--
INFO: Run Behavior\ContentReplaceBehavior [ RunTime:0.000163s ]
INFO: [ template_filter ] --END-- [ RunTime:0.000308s ]
INFO: Run Behavior\ParseTemplateBehavior [ RunTime:0.010814s ]
INFO: [ view_parse ] --END-- [ RunTime:0.010989s ]
INFO: [ view_filter ] --START--
INFO: Run Behavior\WriteHtmlCacheBehavior [ RunTime:0.000698s ]
INFO: [ view_filter ] --END-- [ RunTime:0.000898s ]
INFO: [ app_end ] --START--
INFO: Run Behavior\ShowPageTraceBehavior [ RunTime:0.001040s ]
INFO: [ app_end ] --END-- [ RunTime:0.001251s ]

[ 2016-06-15T20:32:16+08:00 ] 127.0.0.1 /index.php/Home/News/news.html
INFO: [ app_init ] --START--
INFO: Run Behavior\BuildLiteBehavior [ RunTime:0.000032s ]
INFO: [ app_init ] --END-- [ RunTime:0.000564s ]
INFO: [ app_begin ] --START--
INFO: Run Behavior\ReadHtmlCacheBehavior [ RunTime:0.000678s ]
INFO: [ app_begin ] --END-- [ RunTime:0.000819s ]
SQL: SHOW COLUMNS FROM `news` [ RunTime:0.046869s ]
SQL: SELECT COUNT(*) AS tp_count FROM `news` LIMIT 1   [ RunTime:0.000338s ]
SQL: SELECT * FROM `news` LIMIT 0,4   [ RunTime:0.000398s ]
INFO: [ view_parse ] --START--
INFO: [ template_filter ] --START--
INFO: Run Behavior\ContentReplaceBehavior [ RunTime:0.000118s ]
INFO: [ template_filter ] --END-- [ RunTime:0.000271s ]
INFO: Run Behavior\ParseTemplateBehavior [ RunTime:0.011768s ]
INFO: [ view_parse ] --END-- [ RunTime:0.011919s ]
INFO: [ view_filter ] --START--
INFO: Run Behavior\WriteHtmlCacheBehavior [ RunTime:0.000446s ]
INFO: [ view_filter ] --END-- [ RunTime:0.000576s ]
INFO: [ app_end ] --START--
INFO: Run Behavior\ShowPageTraceBehavior [ RunTime:0.001134s ]
INFO: [ app_end ] --END-- [ RunTime:0.001390s ]

