[ 2016-05-21T10:31:15+08:00 ] ::1 /Appenkris/index.php
INFO: [ app_init ] --START--
INFO: Run Behavior\BuildLiteBehavior [ RunTime:0.000048s ]
INFO: [ app_init ] --END-- [ RunTime:0.041323s ]
INFO: [ app_begin ] --START--
INFO: Run Behavior\ReadHtmlCacheBehavior [ RunTime:0.020277s ]
INFO: [ app_begin ] --END-- [ RunTime:0.020431s ]
INFO: [ view_parse ] --START--
INFO: [ template_filter ] --START--
INFO: Run Behavior\ContentReplaceBehavior [ RunTime:0.000057s ]
INFO: [ template_filter ] --END-- [ RunTime:0.000183s ]
INFO: Run Behavior\ParseTemplateBehavior [ RunTime:0.158308s ]
INFO: [ view_parse ] --END-- [ RunTime:0.158631s ]
INFO: [ view_filter ] --START--
INFO: Run Behavior\WriteHtmlCacheBehavior [ RunTime:0.007437s ]
INFO: [ view_filter ] --END-- [ RunTime:0.007647s ]
INFO: [ app_end ] --START--
INFO: Run Behavior\ShowPageTraceBehavior [ RunTime:0.016960s ]
INFO: [ app_end ] --END-- [ RunTime:0.017133s ]

[ 2016-05-21T11:40:32+08:00 ] ::1 /itenkris/index.php
INFO: [ app_init ] --START--
INFO: Run Behavior\BuildLiteBehavior [ RunTime:0.000027s ]
INFO: [ app_init ] --END-- [ RunTime:0.000548s ]
INFO: [ app_begin ] --START--
INFO: Run Behavior\ReadHtmlCacheBehavior [ RunTime:0.000819s ]
INFO: [ app_begin ] --END-- [ RunTime:0.000952s ]
INFO: [ view_parse ] --START--
INFO: Run Behavior\ParseTemplateBehavior [ RunTime:0.001027s ]
INFO: [ view_parse ] --END-- [ RunTime:0.001267s ]
INFO: [ view_filter ] --START--
INFO: Run Behavior\WriteHtmlCacheBehavior [ RunTime:0.000778s ]
INFO: [ view_filter ] --END-- [ RunTime:0.000987s ]
INFO: [ app_end ] --START--
INFO: Run Behavior\ShowPageTraceBehavior [ RunTime:0.001349s ]
INFO: [ app_end ] --END-- [ RunTime:0.001553s ]

